Wed Feb 25 10:48:40 AM IST 2026: NODES: Total=105 Ready=105 NotReady=0
0
Wed Feb 25 10:49:16 AM IST 2026: NODES: Total=105 Ready=105 NotReady=0
0
Wed Feb 25 10:49:57 AM IST 2026: NODES: Total=105 Ready=105 NotReady=0
0
Wed Feb 25 10:50:36 AM IST 2026: NODES: Total=105 Ready=105 NotReady=0
0
Wed Feb 25 10:51:12 AM IST 2026: NODES: Total=113 Ready=105 NotReady=9
Wed Feb 25 10:51:12 AM IST 2026: PROGRESS: Added 8/148 workers (5.4%)
Wed Feb 25 10:51:49 AM IST 2026: NODES: Total=118 Ready=110 NotReady=8
Wed Feb 25 10:51:49 AM IST 2026: PROGRESS: Added 13/148 workers (8.7%)
Wed Feb 25 10:52:25 AM IST 2026: NODES: Total=118 Ready=117 NotReady=1
Wed Feb 25 10:52:25 AM IST 2026: PROGRESS: Added 13/148 workers (8.7%)
Wed Feb 25 10:53:04 AM IST 2026: NODES: Total=118 Ready=118 NotReady=0
0
Wed Feb 25 10:53:04 AM IST 2026: PROGRESS: Added 13/148 workers (8.7%)
Wed Feb 25 10:53:44 AM IST 2026: NODES: Total=170 Ready=118 NotReady=56
Wed Feb 25 10:53:44 AM IST 2026: PROGRESS: Added 65/148 workers (43.9%)
Wed Feb 25 10:54:25 AM IST 2026: NODES: Total=194 Ready=142 NotReady=53
Wed Feb 25 10:54:25 AM IST 2026: PROGRESS: Added 89/148 workers (60.1%)
Wed Feb 25 10:54:25 AM IST 2026: ✅ MASS READINESS: 142 nodes ready - OCPBUGS-70130 fix working\!
Wed Feb 25 10:55:04 AM IST 2026: NODES: Total=213 Ready=176 NotReady=32
Wed Feb 25 10:55:04 AM IST 2026: PROGRESS: Added 108/148 workers (72.9%)
Wed Feb 25 10:55:04 AM IST 2026: ✅ MASS READINESS: 176 nodes ready - OCPBUGS-70130 fix working\!
Wed Feb 25 10:55:45 AM IST 2026: NODES: Total=227 Ready=190 NotReady=24
Wed Feb 25 10:55:45 AM IST 2026: PROGRESS: Added 122/148 workers (82.4%)
Wed Feb 25 10:55:45 AM IST 2026: ✅ MASS READINESS: 190 nodes ready - OCPBUGS-70130 fix working\!
Wed Feb 25 10:56:25 AM IST 2026: NODES: Total=246 Ready=206 NotReady=30
Wed Feb 25 10:56:25 AM IST 2026: PROGRESS: Added 141/148 workers (95.2%)
Wed Feb 25 10:56:25 AM IST 2026: ✅ MASS READINESS: 206 nodes ready - OCPBUGS-70130 fix working\!
Wed Feb 25 10:56:25 AM IST 2026: 📊 Near target: 246 nodes (206 ready, 30 not ready)
Wed Feb 25 10:57:05 AM IST 2026: NODES: Total=241 Ready=228 NotReady=9
Wed Feb 25 10:57:05 AM IST 2026: PROGRESS: Added 136/148 workers (91.8%)
Wed Feb 25 10:57:05 AM IST 2026: ✅ MASS READINESS: 228 nodes ready - OCPBUGS-70130 fix working\!
Wed Feb 25 10:57:05 AM IST 2026: 📊 Near target: 241 nodes (228 ready, 9 not ready)
E0225 10:57:59.816120 2177379 request.go:1116] Unexpected error when reading response body: http2: server sent GOAWAY and closed the connection; LastStreamID=1, ErrCode=NO_ERROR, debug=""
unexpected error when reading response body. Please retry. Original error: http2: server sent GOAWAY and closed the connection; LastStreamID=1, ErrCode=NO_ERROR, debug=""
Wed Feb 25 10:57:46 AM IST 2026: NODES: Total=239 Ready=239 NotReady=0
0
Wed Feb 25 10:57:46 AM IST 2026: PROGRESS: Added 134/148 workers (90.5%)
Wed Feb 25 10:57:46 AM IST 2026: ✅ MASS READINESS: 239 nodes ready - OCPBUGS-70130 fix working\!
Wed Feb 25 10:58:29 AM IST 2026: NODES: Total=239 Ready=239 NotReady=0
0
Wed Feb 25 10:58:29 AM IST 2026: PROGRESS: Added 134/148 workers (90.5%)
Wed Feb 25 10:58:29 AM IST 2026: ✅ MASS READINESS: 239 nodes ready - OCPBUGS-70130 fix working\!
Wed Feb 25 10:59:17 AM IST 2026: NODES: Total=239 Ready=239 NotReady=0
0
Wed Feb 25 10:59:17 AM IST 2026: PROGRESS: Added 134/148 workers (90.5%)
Wed Feb 25 10:59:17 AM IST 2026: ✅ MASS READINESS: 239 nodes ready - OCPBUGS-70130 fix working\!
Wed Feb 25 11:00:01 AM IST 2026: NODES: Total=240 Ready=239 NotReady=2
Wed Feb 25 11:00:01 AM IST 2026: PROGRESS: Added 135/148 workers (91.2%)
Wed Feb 25 11:00:01 AM IST 2026: ✅ MASS READINESS: 239 nodes ready - OCPBUGS-70130 fix working\!
Wed Feb 25 11:00:01 AM IST 2026: 📊 Near target: 240 nodes (239 ready, 2 not ready)
Wed Feb 25 11:00:38 AM IST 2026: NODES: Total=251 Ready=240 NotReady=11
Wed Feb 25 11:00:38 AM IST 2026: PROGRESS: Added 146/148 workers (98.6%)
Wed Feb 25 11:00:38 AM IST 2026: ✅ MASS READINESS: 240 nodes ready - OCPBUGS-70130 fix working\!
Wed Feb 25 11:00:38 AM IST 2026: 📊 Near target: 251 nodes (240 ready, 11 not ready)
Wed Feb 25 11:01:20 AM IST 2026: NODES: Total=255 Ready=247 NotReady=7
Wed Feb 25 11:01:20 AM IST 2026: PROGRESS: Added 150/148 workers (101.3%)
Wed Feb 25 11:01:20 AM IST 2026: ✅ MASS READINESS: 247 nodes ready - OCPBUGS-70130 fix working\!
Wed Feb 25 11:01:20 AM IST 2026: 📊 Near target: 255 nodes (247 ready, 7 not ready)
Wed Feb 25 11:02:00 AM IST 2026: NODES: Total=255 Ready=255 NotReady=0
0
Wed Feb 25 11:02:00 AM IST 2026: PROGRESS: Added 150/148 workers (101.3%)
Wed Feb 25 11:02:00 AM IST 2026: ✅ MASS READINESS: 255 nodes ready - OCPBUGS-70130 fix working\!
bash: line 22: [: too many arguments
Wed Feb 25 11:02:00 AM IST 2026: 📊 Near target: 255 nodes (255 ready, 0
0 not ready)
Wed Feb 25 11:02:41 AM IST 2026: NODES: Total=255 Ready=255 NotReady=0
0
Wed Feb 25 11:02:41 AM IST 2026: PROGRESS: Added 150/148 workers (101.3%)
Wed Feb 25 11:02:41 AM IST 2026: ✅ MASS READINESS: 255 nodes ready - OCPBUGS-70130 fix working\!
bash: line 22: [: too many arguments
Wed Feb 25 11:02:41 AM IST 2026: 📊 Near target: 255 nodes (255 ready, 0
0 not ready)
Wed Feb 25 11:03:25 AM IST 2026: NODES: Total=255 Ready=255 NotReady=0
0
Wed Feb 25 11:03:25 AM IST 2026: PROGRESS: Added 150/148 workers (101.3%)
Wed Feb 25 11:03:25 AM IST 2026: ✅ MASS READINESS: 255 nodes ready - OCPBUGS-70130 fix working\!
bash: line 22: [: too many arguments
Wed Feb 25 11:03:25 AM IST 2026: 📊 Near target: 255 nodes (255 ready, 0
0 not ready)
Wed Feb 25 11:04:06 AM IST 2026: NODES: Total=255 Ready=255 NotReady=0
0
Wed Feb 25 11:04:06 AM IST 2026: PROGRESS: Added 150/148 workers (101.3%)
Wed Feb 25 11:04:06 AM IST 2026: ✅ MASS READINESS: 255 nodes ready - OCPBUGS-70130 fix working\!
bash: line 22: [: too many arguments
Wed Feb 25 11:04:06 AM IST 2026: 📊 Near target: 255 nodes (255 ready, 0
0 not ready)
Wed Feb 25 11:04:47 AM IST 2026: NODES: Total=255 Ready=255 NotReady=0
0
Wed Feb 25 11:04:47 AM IST 2026: PROGRESS: Added 150/148 workers (101.3%)
Wed Feb 25 11:04:47 AM IST 2026: ✅ MASS READINESS: 255 nodes ready - OCPBUGS-70130 fix working\!
bash: line 22: [: too many arguments
Wed Feb 25 11:04:47 AM IST 2026: 📊 Near target: 255 nodes (255 ready, 0
0 not ready)
Wed Feb 25 11:05:50 AM IST 2026: NODES: Total=255 Ready=255 NotReady=0
0
Wed Feb 25 11:05:50 AM IST 2026: PROGRESS: Added 150/148 workers (101.3%)
Wed Feb 25 11:05:50 AM IST 2026: ✅ MASS READINESS: 255 nodes ready - OCPBUGS-70130 fix working\!
bash: line 22: [: too many arguments
Wed Feb 25 11:05:50 AM IST 2026: 📊 Near target: 255 nodes (255 ready, 0
0 not ready)
Wed Feb 25 11:06:30 AM IST 2026: NODES: Total=255 Ready=255 NotReady=0
0
Wed Feb 25 11:06:30 AM IST 2026: PROGRESS: Added 150/148 workers (101.3%)
Wed Feb 25 11:06:30 AM IST 2026: ✅ MASS READINESS: 255 nodes ready - OCPBUGS-70130 fix working\!
bash: line 22: [: too many arguments
Wed Feb 25 11:06:30 AM IST 2026: 📊 Near target: 255 nodes (255 ready, 0
0 not ready)
Wed Feb 25 11:07:08 AM IST 2026: NODES: Total=255 Ready=255 NotReady=0
0
Wed Feb 25 11:07:08 AM IST 2026: PROGRESS: Added 150/148 workers (101.3%)
Wed Feb 25 11:07:08 AM IST 2026: ✅ MASS READINESS: 255 nodes ready - OCPBUGS-70130 fix working\!
bash: line 22: [: too many arguments
Wed Feb 25 11:07:08 AM IST 2026: 📊 Near target: 255 nodes (255 ready, 0
0 not ready)
Wed Feb 25 11:07:49 AM IST 2026: NODES: Total=255 Ready=255 NotReady=0
0
Wed Feb 25 11:07:49 AM IST 2026: PROGRESS: Added 150/148 workers (101.3%)
Wed Feb 25 11:07:49 AM IST 2026: ✅ MASS READINESS: 255 nodes ready - OCPBUGS-70130 fix working\!
bash: line 22: [: too many arguments
Wed Feb 25 11:07:49 AM IST 2026: 📊 Near target: 255 nodes (255 ready, 0
0 not ready)
Wed Feb 25 11:08:27 AM IST 2026: NODES: Total=255 Ready=255 NotReady=0
0
Wed Feb 25 11:08:27 AM IST 2026: PROGRESS: Added 150/148 workers (101.3%)
Wed Feb 25 11:08:27 AM IST 2026: ✅ MASS READINESS: 255 nodes ready - OCPBUGS-70130 fix working\!
bash: line 22: [: too many arguments
Wed Feb 25 11:08:27 AM IST 2026: 📊 Near target: 255 nodes (255 ready, 0
0 not ready)
Wed Feb 25 11:09:05 AM IST 2026: NODES: Total=255 Ready=255 NotReady=0
0
Wed Feb 25 11:09:05 AM IST 2026: PROGRESS: Added 150/148 workers (101.3%)
Wed Feb 25 11:09:05 AM IST 2026: ✅ MASS READINESS: 255 nodes ready - OCPBUGS-70130 fix working\!
bash: line 22: [: too many arguments
Wed Feb 25 11:09:05 AM IST 2026: 📊 Near target: 255 nodes (255 ready, 0
0 not ready)
Wed Feb 25 11:09:51 AM IST 2026: NODES: Total=255 Ready=255 NotReady=0
0
Wed Feb 25 11:09:51 AM IST 2026: PROGRESS: Added 150/148 workers (101.3%)
Wed Feb 25 11:09:51 AM IST 2026: ✅ MASS READINESS: 255 nodes ready - OCPBUGS-70130 fix working\!
bash: line 22: [: too many arguments
Wed Feb 25 11:09:51 AM IST 2026: 📊 Near target: 255 nodes (255 ready, 0
0 not ready)
Wed Feb 25 11:10:32 AM IST 2026: NODES: Total=255 Ready=255 NotReady=0
0
Wed Feb 25 11:10:32 AM IST 2026: PROGRESS: Added 150/148 workers (101.3%)
Wed Feb 25 11:10:32 AM IST 2026: ✅ MASS READINESS: 255 nodes ready - OCPBUGS-70130 fix working\!
bash: line 22: [: too many arguments
Wed Feb 25 11:10:32 AM IST 2026: 📊 Near target: 255 nodes (255 ready, 0
0 not ready)
Wed Feb 25 11:11:17 AM IST 2026: NODES: Total=255 Ready=255 NotReady=0
0
Wed Feb 25 11:11:17 AM IST 2026: PROGRESS: Added 150/148 workers (101.3%)
Wed Feb 25 11:11:17 AM IST 2026: ✅ MASS READINESS: 255 nodes ready - OCPBUGS-70130 fix working\!
bash: line 22: [: too many arguments
Wed Feb 25 11:11:17 AM IST 2026: 📊 Near target: 255 nodes (255 ready, 0
0 not ready)
Wed Feb 25 11:11:54 AM IST 2026: NODES: Total=255 Ready=255 NotReady=0
0
Wed Feb 25 11:11:54 AM IST 2026: PROGRESS: Added 150/148 workers (101.3%)
Wed Feb 25 11:11:54 AM IST 2026: ✅ MASS READINESS: 255 nodes ready - OCPBUGS-70130 fix working\!
bash: line 22: [: too many arguments
Wed Feb 25 11:11:54 AM IST 2026: 📊 Near target: 255 nodes (255 ready, 0
0 not ready)
Wed Feb 25 11:12:32 AM IST 2026: NODES: Total=255 Ready=255 NotReady=0
0
Wed Feb 25 11:12:32 AM IST 2026: PROGRESS: Added 150/148 workers (101.3%)
Wed Feb 25 11:12:32 AM IST 2026: ✅ MASS READINESS: 255 nodes ready - OCPBUGS-70130 fix working\!
bash: line 22: [: too many arguments
Wed Feb 25 11:12:32 AM IST 2026: 📊 Near target: 255 nodes (255 ready, 0
0 not ready)
Wed Feb 25 11:13:10 AM IST 2026: NODES: Total=262 Ready=255 NotReady=7
Wed Feb 25 11:13:10 AM IST 2026: PROGRESS: Added 157/148 workers (106.0%)
Wed Feb 25 11:13:10 AM IST 2026: ✅ MASS READINESS: 255 nodes ready - OCPBUGS-70130 fix working\!
Wed Feb 25 11:13:10 AM IST 2026: 📊 Near target: 262 nodes (255 ready, 7 not ready)
Wed Feb 25 11:13:48 AM IST 2026: NODES: Total=267 Ready=259 NotReady=8
Wed Feb 25 11:13:48 AM IST 2026: PROGRESS: Added 162/148 workers (109.4%)
Wed Feb 25 11:13:48 AM IST 2026: ✅ MASS READINESS: 259 nodes ready - OCPBUGS-70130 fix working\!
Wed Feb 25 11:13:48 AM IST 2026: 📊 Near target: 267 nodes (259 ready, 8 not ready)
Wed Feb 25 11:14:34 AM IST 2026: NODES: Total=267 Ready=266 NotReady=0
0
Wed Feb 25 11:14:34 AM IST 2026: PROGRESS: Added 162/148 workers (109.4%)
Wed Feb 25 11:14:34 AM IST 2026: ✅ MASS READINESS: 266 nodes ready - OCPBUGS-70130 fix working\!
bash: line 22: [: too many arguments
Wed Feb 25 11:14:34 AM IST 2026: 📊 Near target: 267 nodes (266 ready, 0
0 not ready)
Wed Feb 25 11:15:18 AM IST 2026: NODES: Total=267 Ready=267 NotReady=0
0
Wed Feb 25 11:15:18 AM IST 2026: PROGRESS: Added 162/148 workers (109.4%)
Wed Feb 25 11:15:18 AM IST 2026: ✅ MASS READINESS: 267 nodes ready - OCPBUGS-70130 fix working\!
bash: line 22: [: too many arguments
Wed Feb 25 11:15:18 AM IST 2026: 📊 Near target: 267 nodes (267 ready, 0
0 not ready)
Wed Feb 25 11:16:07 AM IST 2026: NODES: Total=267 Ready=267 NotReady=0
0
Wed Feb 25 11:16:07 AM IST 2026: PROGRESS: Added 162/148 workers (109.4%)
Wed Feb 25 11:16:07 AM IST 2026: ✅ MASS READINESS: 267 nodes ready - OCPBUGS-70130 fix working\!
bash: line 22: [: too many arguments
Wed Feb 25 11:16:07 AM IST 2026: 📊 Near target: 267 nodes (267 ready, 0
0 not ready)
Wed Feb 25 11:16:46 AM IST 2026: NODES: Total=266 Ready=265 NotReady=4
Wed Feb 25 11:16:46 AM IST 2026: PROGRESS: Added 161/148 workers (108.7%)
Wed Feb 25 11:16:46 AM IST 2026: ✅ MASS READINESS: 265 nodes ready - OCPBUGS-70130 fix working\!
Wed Feb 25 11:16:46 AM IST 2026: 📊 Near target: 266 nodes (265 ready, 4 not ready)
Wed Feb 25 11:17:24 AM IST 2026: NODES: Total=332 Ready=264 NotReady=72
Wed Feb 25 11:17:24 AM IST 2026: PROGRESS: Added 227/148 workers (153.3%)
Wed Feb 25 11:17:24 AM IST 2026: ✅ MASS READINESS: 264 nodes ready - OCPBUGS-70130 fix working\!
Wed Feb 25 11:17:24 AM IST 2026: 📊 Near target: 332 nodes (264 ready, 72 not ready)
Wed Feb 25 11:18:04 AM IST 2026: NODES: Total=348 Ready=260 NotReady=59
Wed Feb 25 11:18:04 AM IST 2026: PROGRESS: Added 243/148 workers (164.1%)
Wed Feb 25 11:18:04 AM IST 2026: ✅ MASS READINESS: 260 nodes ready - OCPBUGS-70130 fix working\!
Wed Feb 25 11:18:04 AM IST 2026: 📊 Near target: 348 nodes (260 ready, 59 not ready)
Wed Feb 25 11:18:45 AM IST 2026: NODES: Total=345 Ready=261 NotReady=26
Wed Feb 25 11:18:45 AM IST 2026: PROGRESS: Added 240/148 workers (162.1%)
Wed Feb 25 11:18:45 AM IST 2026: ✅ MASS READINESS: 261 nodes ready - OCPBUGS-70130 fix working\!
Wed Feb 25 11:18:45 AM IST 2026: 📊 Near target: 345 nodes (261 ready, 26 not ready)
Wed Feb 25 11:19:30 AM IST 2026: NODES: Total=339 Ready=207 NotReady=28
Wed Feb 25 11:19:30 AM IST 2026: PROGRESS: Added 234/148 workers (158.1%)
Wed Feb 25 11:19:30 AM IST 2026: ✅ MASS READINESS: 207 nodes ready - OCPBUGS-70130 fix working\!
Wed Feb 25 11:19:30 AM IST 2026: 📊 Near target: 339 nodes (207 ready, 28 not ready)
Wed Feb 25 11:20:19 AM IST 2026: NODES: Total=271 Ready=168 NotReady=17
Wed Feb 25 11:20:19 AM IST 2026: PROGRESS: Added 166/148 workers (112.1%)
Wed Feb 25 11:20:19 AM IST 2026: ✅ MASS READINESS: 168 nodes ready - OCPBUGS-70130 fix working\!
Wed Feb 25 11:20:19 AM IST 2026: 📊 Near target: 271 nodes (168 ready, 17 not ready)
Wed Feb 25 11:21:08 AM IST 2026: NODES: Total=175 Ready=171 NotReady=1
Wed Feb 25 11:21:08 AM IST 2026: PROGRESS: Added 70/148 workers (47.2%)
Wed Feb 25 11:21:08 AM IST 2026: ✅ MASS READINESS: 171 nodes ready - OCPBUGS-70130 fix working\!
Wed Feb 25 11:21:55 AM IST 2026: NODES: Total=172 Ready=171 NotReady=0
0
Wed Feb 25 11:21:55 AM IST 2026: PROGRESS: Added 67/148 workers (45.2%)
Wed Feb 25 11:21:55 AM IST 2026: ✅ MASS READINESS: 171 nodes ready - OCPBUGS-70130 fix working\!
Wed Feb 25 11:22:37 AM IST 2026: NODES: Total=172 Ready=171 NotReady=0
0
Wed Feb 25 11:22:37 AM IST 2026: PROGRESS: Added 67/148 workers (45.2%)
Wed Feb 25 11:22:37 AM IST 2026: ✅ MASS READINESS: 171 nodes ready - OCPBUGS-70130 fix working\!
Wed Feb 25 11:23:14 AM IST 2026: NODES: Total=172 Ready=171 NotReady=0
0
Wed Feb 25 11:23:14 AM IST 2026: PROGRESS: Added 67/148 workers (45.2%)
Wed Feb 25 11:23:14 AM IST 2026: ✅ MASS READINESS: 171 nodes ready - OCPBUGS-70130 fix working\!
Wed Feb 25 11:23:52 AM IST 2026: NODES: Total=172 Ready=171 NotReady=0
0
Wed Feb 25 11:23:52 AM IST 2026: PROGRESS: Added 67/148 workers (45.2%)
Wed Feb 25 11:23:52 AM IST 2026: ✅ MASS READINESS: 171 nodes ready - OCPBUGS-70130 fix working\!
Wed Feb 25 11:24:32 AM IST 2026: NODES: Total=175 Ready=164 NotReady=5
Wed Feb 25 11:24:32 AM IST 2026: PROGRESS: Added 70/148 workers (47.2%)
Wed Feb 25 11:24:32 AM IST 2026: ✅ MASS READINESS: 164 nodes ready - OCPBUGS-70130 fix working\!
Wed Feb 25 11:25:11 AM IST 2026: NODES: Total=179 Ready=161 NotReady=8
Wed Feb 25 11:25:11 AM IST 2026: PROGRESS: Added 74/148 workers (50.0%)
Wed Feb 25 11:25:11 AM IST 2026: ✅ MASS READINESS: 161 nodes ready - OCPBUGS-70130 fix working\!
Wed Feb 25 11:25:51 AM IST 2026: NODES: Total=178 Ready=167 NotReady=8
Wed Feb 25 11:25:51 AM IST 2026: PROGRESS: Added 73/148 workers (49.3%)
Wed Feb 25 11:25:51 AM IST 2026: ✅ MASS READINESS: 167 nodes ready - OCPBUGS-70130 fix working\!
Wed Feb 25 11:26:30 AM IST 2026: NODES: Total=191 Ready=174 NotReady=23
Wed Feb 25 11:26:30 AM IST 2026: PROGRESS: Added 86/148 workers (58.1%)
Wed Feb 25 11:26:30 AM IST 2026: ✅ MASS READINESS: 174 nodes ready - OCPBUGS-70130 fix working\!
Wed Feb 25 11:27:12 AM IST 2026: NODES: Total=206 Ready=187 NotReady=18
Wed Feb 25 11:27:12 AM IST 2026: PROGRESS: Added 101/148 workers (68.2%)
Wed Feb 25 11:27:12 AM IST 2026: ✅ MASS READINESS: 187 nodes ready - OCPBUGS-70130 fix working\!
Wed Feb 25 11:27:50 AM IST 2026: NODES: Total=206 Ready=204 NotReady=1
Wed Feb 25 11:27:50 AM IST 2026: PROGRESS: Added 101/148 workers (68.2%)
Wed Feb 25 11:27:50 AM IST 2026: ✅ MASS READINESS: 204 nodes ready - OCPBUGS-70130 fix working\!
Wed Feb 25 11:28:30 AM IST 2026: NODES: Total=206 Ready=206 NotReady=0
0
Wed Feb 25 11:28:30 AM IST 2026: PROGRESS: Added 101/148 workers (68.2%)
Wed Feb 25 11:28:30 AM IST 2026: ✅ MASS READINESS: 206 nodes ready - OCPBUGS-70130 fix working\!
Wed Feb 25 11:29:10 AM IST 2026: NODES: Total=206 Ready=206 NotReady=0
0
Wed Feb 25 11:29:10 AM IST 2026: PROGRESS: Added 101/148 workers (68.2%)
Wed Feb 25 11:29:10 AM IST 2026: ✅ MASS READINESS: 206 nodes ready - OCPBUGS-70130 fix working\!
Wed Feb 25 11:29:48 AM IST 2026: NODES: Total=206 Ready=206 NotReady=0
0
Wed Feb 25 11:29:48 AM IST 2026: PROGRESS: Added 101/148 workers (68.2%)
Wed Feb 25 11:29:48 AM IST 2026: ✅ MASS READINESS: 206 nodes ready - OCPBUGS-70130 fix working\!
Wed Feb 25 11:30:28 AM IST 2026: NODES: Total=206 Ready=206 NotReady=0
0
Wed Feb 25 11:30:28 AM IST 2026: PROGRESS: Added 101/148 workers (68.2%)
Wed Feb 25 11:30:28 AM IST 2026: ✅ MASS READINESS: 206 nodes ready - OCPBUGS-70130 fix working\!
Wed Feb 25 11:31:05 AM IST 2026: NODES: Total=210 Ready=206 NotReady=5
Wed Feb 25 11:31:05 AM IST 2026: PROGRESS: Added 105/148 workers (70.9%)
Wed Feb 25 11:31:05 AM IST 2026: ✅ MASS READINESS: 206 nodes ready - OCPBUGS-70130 fix working\!
Wed Feb 25 11:31:44 AM IST 2026: NODES: Total=211 Ready=206 NotReady=5
Wed Feb 25 11:31:44 AM IST 2026: PROGRESS: Added 106/148 workers (71.6%)
Wed Feb 25 11:31:44 AM IST 2026: ✅ MASS READINESS: 206 nodes ready - OCPBUGS-70130 fix working\!
Wed Feb 25 11:32:22 AM IST 2026: NODES: Total=211 Ready=209 NotReady=2
Wed Feb 25 11:32:22 AM IST 2026: PROGRESS: Added 106/148 workers (71.6%)
Wed Feb 25 11:32:22 AM IST 2026: ✅ MASS READINESS: 209 nodes ready - OCPBUGS-70130 fix working\!
Wed Feb 25 11:33:02 AM IST 2026: NODES: Total=262 Ready=211 NotReady=85
Wed Feb 25 11:33:02 AM IST 2026: PROGRESS: Added 157/148 workers (106.0%)
Wed Feb 25 11:33:02 AM IST 2026: ✅ MASS READINESS: 211 nodes ready - OCPBUGS-70130 fix working\!
Wed Feb 25 11:33:02 AM IST 2026: 📊 Near target: 262 nodes (211 ready, 85 not ready)
Wed Feb 25 11:33:50 AM IST 2026: NODES: Total=323 Ready=233 NotReady=85
Wed Feb 25 11:33:50 AM IST 2026: PROGRESS: Added 218/148 workers (147.2%)
Wed Feb 25 11:33:50 AM IST 2026: ✅ MASS READINESS: 233 nodes ready - OCPBUGS-70130 fix working\!
Wed Feb 25 11:33:50 AM IST 2026: 📊 Near target: 323 nodes (233 ready, 85 not ready)
Wed Feb 25 11:34:37 AM IST 2026: NODES: Total=329 Ready=292 NotReady=35
Wed Feb 25 11:34:37 AM IST 2026: PROGRESS: Added 224/148 workers (151.3%)
Wed Feb 25 11:34:37 AM IST 2026: ✅ MASS READINESS: 292 nodes ready - OCPBUGS-70130 fix working\!
Wed Feb 25 11:34:37 AM IST 2026: 📊 Near target: 329 nodes (292 ready, 35 not ready)
Wed Feb 25 11:35:16 AM IST 2026: NODES: Total=364 Ready=322 NotReady=56
Wed Feb 25 11:35:16 AM IST 2026: PROGRESS: Added 259/148 workers (175.0%)
Wed Feb 25 11:35:16 AM IST 2026: ✅ MASS READINESS: 322 nodes ready - OCPBUGS-70130 fix working\!
Wed Feb 25 11:35:16 AM IST 2026: 📊 Near target: 364 nodes (322 ready, 56 not ready)
Wed Feb 25 11:36:06 AM IST 2026: NODES: Total=395 Ready=340 NotReady=42
Wed Feb 25 11:36:06 AM IST 2026: PROGRESS: Added 290/148 workers (195.9%)
Wed Feb 25 11:36:06 AM IST 2026: ✅ MASS READINESS: 340 nodes ready - OCPBUGS-70130 fix working\!
Wed Feb 25 11:36:06 AM IST 2026: 📊 Near target: 395 nodes (340 ready, 42 not ready)
Wed Feb 25 11:36:47 AM IST 2026: NODES: Total=397 Ready=380 NotReady=11
Wed Feb 25 11:36:47 AM IST 2026: PROGRESS: Added 292/148 workers (197.2%)
Wed Feb 25 11:36:47 AM IST 2026: ✅ MASS READINESS: 380 nodes ready - OCPBUGS-70130 fix working\!
Wed Feb 25 11:36:47 AM IST 2026: 📊 Near target: 397 nodes (380 ready, 11 not ready)
Wed Feb 25 11:37:34 AM IST 2026: NODES: Total=403 Ready=391 NotReady=6
Wed Feb 25 11:37:34 AM IST 2026: PROGRESS: Added 298/148 workers (201.3%)
Wed Feb 25 11:37:34 AM IST 2026: ✅ MASS READINESS: 391 nodes ready - OCPBUGS-70130 fix working\!
Wed Feb 25 11:37:34 AM IST 2026: 📊 Near target: 403 nodes (391 ready, 6 not ready)
Wed Feb 25 11:38:29 AM IST 2026: NODES: Total=402 Ready=397 NotReady=0
0
Wed Feb 25 11:38:29 AM IST 2026: PROGRESS: Added 297/148 workers (200.6%)
Wed Feb 25 11:38:29 AM IST 2026: ✅ MASS READINESS: 397 nodes ready - OCPBUGS-70130 fix working\!
bash: line 22: [: too many arguments
Wed Feb 25 11:38:29 AM IST 2026: 📊 Near target: 402 nodes (397 ready, 0
0 not ready)
Wed Feb 25 11:39:10 AM IST 2026: NODES: Total=399 Ready=397 NotReady=0
0
Wed Feb 25 11:39:10 AM IST 2026: PROGRESS: Added 294/148 workers (198.6%)
Wed Feb 25 11:39:10 AM IST 2026: ✅ MASS READINESS: 397 nodes ready - OCPBUGS-70130 fix working\!
bash: line 22: [: too many arguments
Wed Feb 25 11:39:10 AM IST 2026: 📊 Near target: 399 nodes (397 ready, 0
0 not ready)
Wed Feb 25 11:39:55 AM IST 2026: NODES: Total=392 Ready=392 NotReady=0
0
Wed Feb 25 11:39:55 AM IST 2026: PROGRESS: Added 287/148 workers (193.9%)
Wed Feb 25 11:39:55 AM IST 2026: ✅ MASS READINESS: 392 nodes ready - OCPBUGS-70130 fix working\!
bash: line 22: [: too many arguments
Wed Feb 25 11:39:55 AM IST 2026: 📊 Near target: 392 nodes (392 ready, 0
0 not ready)
Wed Feb 25 11:40:43 AM IST 2026: NODES: Total=392 Ready=385 NotReady=0
0
Wed Feb 25 11:40:43 AM IST 2026: PROGRESS: Added 287/148 workers (193.9%)
Wed Feb 25 11:40:43 AM IST 2026: ✅ MASS READINESS: 385 nodes ready - OCPBUGS-70130 fix working\!
bash: line 22: [: too many arguments
Wed Feb 25 11:40:43 AM IST 2026: 📊 Near target: 392 nodes (385 ready, 0
0 not ready)
Wed Feb 25 11:41:30 AM IST 2026: NODES: Total=392 Ready=331 NotReady=0
0
Wed Feb 25 11:41:30 AM IST 2026: PROGRESS: Added 287/148 workers (193.9%)
Wed Feb 25 11:41:30 AM IST 2026: ✅ MASS READINESS: 331 nodes ready - OCPBUGS-70130 fix working\!
bash: line 22: [: too many arguments
Wed Feb 25 11:41:30 AM IST 2026: 📊 Near target: 392 nodes (331 ready, 0
0 not ready)
Wed Feb 25 11:42:10 AM IST 2026: NODES: Total=389 Ready=292 NotReady=2
Wed Feb 25 11:42:10 AM IST 2026: PROGRESS: Added 284/148 workers (191.8%)
Wed Feb 25 11:42:10 AM IST 2026: ✅ MASS READINESS: 292 nodes ready - OCPBUGS-70130 fix working\!
Wed Feb 25 11:42:10 AM IST 2026: 📊 Near target: 389 nodes (292 ready, 2 not ready)
Wed Feb 25 11:42:50 AM IST 2026: NODES: Total=375 Ready=226 NotReady=10
Wed Feb 25 11:42:50 AM IST 2026: PROGRESS: Added 270/148 workers (182.4%)
Wed Feb 25 11:42:50 AM IST 2026: ✅ MASS READINESS: 226 nodes ready - OCPBUGS-70130 fix working\!
Wed Feb 25 11:42:50 AM IST 2026: 📊 Near target: 375 nodes (226 ready, 10 not ready)
Wed Feb 25 11:43:30 AM IST 2026: NODES: Total=353 Ready=229 NotReady=5
Wed Feb 25 11:43:30 AM IST 2026: PROGRESS: Added 248/148 workers (167.5%)
Wed Feb 25 11:43:30 AM IST 2026: ✅ MASS READINESS: 229 nodes ready - OCPBUGS-70130 fix working\!
Wed Feb 25 11:43:30 AM IST 2026: 📊 Near target: 353 nodes (229 ready, 5 not ready)
Wed Feb 25 11:44:18 AM IST 2026: NODES: Total=258 Ready=234 NotReady=0
0
Wed Feb 25 11:44:18 AM IST 2026: PROGRESS: Added 153/148 workers (103.3%)
Wed Feb 25 11:44:18 AM IST 2026: ✅ MASS READINESS: 234 nodes ready - OCPBUGS-70130 fix working\!
bash: line 22: [: too many arguments
Wed Feb 25 11:44:18 AM IST 2026: 📊 Near target: 258 nodes (234 ready, 0
0 not ready)
Wed Feb 25 11:44:56 AM IST 2026: NODES: Total=234 Ready=234 NotReady=0
0
Wed Feb 25 11:44:56 AM IST 2026: PROGRESS: Added 129/148 workers (87.1%)
Wed Feb 25 11:44:56 AM IST 2026: ✅ MASS READINESS: 234 nodes ready - OCPBUGS-70130 fix working\!
Wed Feb 25 11:45:36 AM IST 2026: NODES: Total=234 Ready=234 NotReady=0
0
Wed Feb 25 11:45:36 AM IST 2026: PROGRESS: Added 129/148 workers (87.1%)
Wed Feb 25 11:45:36 AM IST 2026: ✅ MASS READINESS: 234 nodes ready - OCPBUGS-70130 fix working\!
Wed Feb 25 11:46:16 AM IST 2026: NODES: Total=234 Ready=234 NotReady=0
0
Wed Feb 25 11:46:16 AM IST 2026: PROGRESS: Added 129/148 workers (87.1%)
Wed Feb 25 11:46:16 AM IST 2026: ✅ MASS READINESS: 234 nodes ready - OCPBUGS-70130 fix working\!
Wed Feb 25 11:46:59 AM IST 2026: NODES: Total=234 Ready=234 NotReady=0
0
Wed Feb 25 11:46:59 AM IST 2026: PROGRESS: Added 129/148 workers (87.1%)
Wed Feb 25 11:46:59 AM IST 2026: ✅ MASS READINESS: 234 nodes ready - OCPBUGS-70130 fix working\!
Wed Feb 25 11:47:45 AM IST 2026: NODES: Total=234 Ready=234 NotReady=0
0
Wed Feb 25 11:47:45 AM IST 2026: PROGRESS: Added 129/148 workers (87.1%)
Wed Feb 25 11:47:45 AM IST 2026: ✅ MASS READINESS: 234 nodes ready - OCPBUGS-70130 fix working\!
Wed Feb 25 11:48:30 AM IST 2026: NODES: Total=234 Ready=234 NotReady=0
0
Wed Feb 25 11:48:30 AM IST 2026: PROGRESS: Added 129/148 workers (87.1%)
Wed Feb 25 11:48:30 AM IST 2026: ✅ MASS READINESS: 234 nodes ready - OCPBUGS-70130 fix working\!
Wed Feb 25 11:49:11 AM IST 2026: NODES: Total=234 Ready=234 NotReady=0
0
Wed Feb 25 11:49:11 AM IST 2026: PROGRESS: Added 129/148 workers (87.1%)
Wed Feb 25 11:49:11 AM IST 2026: ✅ MASS READINESS: 234 nodes ready - OCPBUGS-70130 fix working\!
Wed Feb 25 11:50:00 AM IST 2026: NODES: Total=234 Ready=234 NotReady=0
0
Wed Feb 25 11:50:00 AM IST 2026: PROGRESS: Added 129/148 workers (87.1%)
Wed Feb 25 11:50:00 AM IST 2026: ✅ MASS READINESS: 234 nodes ready - OCPBUGS-70130 fix working\!
Wed Feb 25 11:50:43 AM IST 2026: NODES: Total=234 Ready=234 NotReady=0
0
Wed Feb 25 11:50:43 AM IST 2026: PROGRESS: Added 129/148 workers (87.1%)
Wed Feb 25 11:50:43 AM IST 2026: ✅ MASS READINESS: 234 nodes ready - OCPBUGS-70130 fix working\!
Wed Feb 25 11:51:28 AM IST 2026: NODES: Total=234 Ready=234 NotReady=0
0
Wed Feb 25 11:51:28 AM IST 2026: PROGRESS: Added 129/148 workers (87.1%)
Wed Feb 25 11:51:28 AM IST 2026: ✅ MASS READINESS: 234 nodes ready - OCPBUGS-70130 fix working\!
Wed Feb 25 11:52:05 AM IST 2026: NODES: Total=234 Ready=234 NotReady=0
0
Wed Feb 25 11:52:05 AM IST 2026: PROGRESS: Added 129/148 workers (87.1%)
Wed Feb 25 11:52:05 AM IST 2026: ✅ MASS READINESS: 234 nodes ready - OCPBUGS-70130 fix working\!
Wed Feb 25 11:52:46 AM IST 2026: NODES: Total=234 Ready=232 NotReady=0
0
Wed Feb 25 11:52:46 AM IST 2026: PROGRESS: Added 129/148 workers (87.1%)
Wed Feb 25 11:52:46 AM IST 2026: ✅ MASS READINESS: 232 nodes ready - OCPBUGS-70130 fix working\!
Wed Feb 25 11:53:27 AM IST 2026: NODES: Total=234 Ready=231 NotReady=0
0
Wed Feb 25 11:53:27 AM IST 2026: PROGRESS: Added 129/148 workers (87.1%)
Wed Feb 25 11:53:27 AM IST 2026: ✅ MASS READINESS: 231 nodes ready - OCPBUGS-70130 fix working\!
Wed Feb 25 11:54:14 AM IST 2026: NODES: Total=236 Ready=231 NotReady=9
Wed Feb 25 11:54:14 AM IST 2026: PROGRESS: Added 131/148 workers (88.5%)
Wed Feb 25 11:54:14 AM IST 2026: ✅ MASS READINESS: 231 nodes ready - OCPBUGS-70130 fix working\!
Wed Feb 25 11:54:56 AM IST 2026: NODES: Total=294 Ready=233 NotReady=78
Wed Feb 25 11:54:56 AM IST 2026: PROGRESS: Added 189/148 workers (127.7%)
Wed Feb 25 11:54:56 AM IST 2026: ✅ MASS READINESS: 233 nodes ready - OCPBUGS-70130 fix working\!
Wed Feb 25 11:54:56 AM IST 2026: 📊 Near target: 294 nodes (233 ready, 78 not ready)
Wed Feb 25 11:55:34 AM IST 2026: NODES: Total=342 Ready=251 NotReady=95
Wed Feb 25 11:55:34 AM IST 2026: PROGRESS: Added 237/148 workers (160.1%)
Wed Feb 25 11:55:34 AM IST 2026: ✅ MASS READINESS: 251 nodes ready - OCPBUGS-70130 fix working\!
Wed Feb 25 11:55:34 AM IST 2026: 📊 Near target: 342 nodes (251 ready, 95 not ready)
Wed Feb 25 11:56:22 AM IST 2026: NODES: Total=355 Ready=318 NotReady=32
Wed Feb 25 11:56:22 AM IST 2026: PROGRESS: Added 250/148 workers (168.9%)
Wed Feb 25 11:56:22 AM IST 2026: ✅ MASS READINESS: 318 nodes ready - OCPBUGS-70130 fix working\!
Wed Feb 25 11:56:22 AM IST 2026: 📊 Near target: 355 nodes (318 ready, 32 not ready)
Wed Feb 25 11:57:11 AM IST 2026: NODES: Total=365 Ready=352 NotReady=34
Wed Feb 25 11:57:11 AM IST 2026: PROGRESS: Added 260/148 workers (175.6%)
Wed Feb 25 11:57:11 AM IST 2026: ✅ MASS READINESS: 352 nodes ready - OCPBUGS-70130 fix working\!
Wed Feb 25 11:57:11 AM IST 2026: 📊 Near target: 365 nodes (352 ready, 34 not ready)
Wed Feb 25 11:57:59 AM IST 2026: NODES: Total=395 Ready=360 NotReady=25
Wed Feb 25 11:57:59 AM IST 2026: PROGRESS: Added 290/148 workers (195.9%)
Wed Feb 25 11:57:59 AM IST 2026: ✅ MASS READINESS: 360 nodes ready - OCPBUGS-70130 fix working\!
Wed Feb 25 11:57:59 AM IST 2026: 📊 Near target: 395 nodes (360 ready, 25 not ready)
Wed Feb 25 11:58:57 AM IST 2026: NODES: Total=395 Ready=393 NotReady=2
Wed Feb 25 11:58:57 AM IST 2026: PROGRESS: Added 290/148 workers (195.9%)
Wed Feb 25 11:58:57 AM IST 2026: ✅ MASS READINESS: 393 nodes ready - OCPBUGS-70130 fix working\!
Wed Feb 25 11:58:57 AM IST 2026: 📊 Near target: 395 nodes (393 ready, 2 not ready)
Wed Feb 25 11:59:49 AM IST 2026: NODES: Total=397 Ready=394 NotReady=3
Wed Feb 25 11:59:49 AM IST 2026: PROGRESS: Added 292/148 workers (197.2%)
Wed Feb 25 11:59:49 AM IST 2026: ✅ MASS READINESS: 394 nodes ready - OCPBUGS-70130 fix working\!
Wed Feb 25 11:59:49 AM IST 2026: 📊 Near target: 397 nodes (394 ready, 3 not ready)
Wed Feb 25 12:00:32 PM IST 2026: NODES: Total=398 Ready=397 NotReady=1
Wed Feb 25 12:00:32 PM IST 2026: PROGRESS: Added 293/148 workers (197.9%)
Wed Feb 25 12:00:32 PM IST 2026: ✅ MASS READINESS: 397 nodes ready - OCPBUGS-70130 fix working\!
Wed Feb 25 12:00:32 PM IST 2026: 📊 Near target: 398 nodes (397 ready, 1 not ready)
Wed Feb 25 12:01:16 PM IST 2026: NODES: Total=398 Ready=398 NotReady=0
0
Wed Feb 25 12:01:16 PM IST 2026: PROGRESS: Added 293/148 workers (197.9%)
Wed Feb 25 12:01:16 PM IST 2026: ✅ MASS READINESS: 398 nodes ready - OCPBUGS-70130 fix working\!
bash: line 22: [: too many arguments
Wed Feb 25 12:01:16 PM IST 2026: 📊 Near target: 398 nodes (398 ready, 0
0 not ready)
Wed Feb 25 12:02:00 PM IST 2026: NODES: Total=398 Ready=398 NotReady=0
0
Wed Feb 25 12:02:00 PM IST 2026: PROGRESS: Added 293/148 workers (197.9%)
Wed Feb 25 12:02:00 PM IST 2026: ✅ MASS READINESS: 398 nodes ready - OCPBUGS-70130 fix working\!
bash: line 22: [: too many arguments
Wed Feb 25 12:02:00 PM IST 2026: 📊 Near target: 398 nodes (398 ready, 0
0 not ready)
Wed Feb 25 12:02:41 PM IST 2026: NODES: Total=401 Ready=398 NotReady=3
Wed Feb 25 12:02:41 PM IST 2026: PROGRESS: Added 296/148 workers (200.0%)
Wed Feb 25 12:02:41 PM IST 2026: ✅ MASS READINESS: 398 nodes ready - OCPBUGS-70130 fix working\!
Wed Feb 25 12:02:41 PM IST 2026: 📊 Near target: 401 nodes (398 ready, 3 not ready)
Wed Feb 25 12:03:25 PM IST 2026: NODES: Total=405 Ready=401 NotReady=4
Wed Feb 25 12:03:25 PM IST 2026: PROGRESS: Added 300/148 workers (202.7%)
Wed Feb 25 12:03:25 PM IST 2026: ✅ MASS READINESS: 401 nodes ready - OCPBUGS-70130 fix working\!
Wed Feb 25 12:03:25 PM IST 2026: 📊 Near target: 405 nodes (401 ready, 4 not ready)
Wed Feb 25 12:04:09 PM IST 2026: NODES: Total=405 Ready=405 NotReady=0
0
Wed Feb 25 12:04:09 PM IST 2026: PROGRESS: Added 300/148 workers (202.7%)
Wed Feb 25 12:04:09 PM IST 2026: ✅ MASS READINESS: 405 nodes ready - OCPBUGS-70130 fix working\!
bash: line 22: [: too many arguments
Wed Feb 25 12:04:09 PM IST 2026: 📊 Near target: 405 nodes (405 ready, 0
0 not ready)
Wed Feb 25 12:05:02 PM IST 2026: NODES: Total=405 Ready=405 NotReady=0
0
Wed Feb 25 12:05:02 PM IST 2026: PROGRESS: Added 300/148 workers (202.7%)
Wed Feb 25 12:05:02 PM IST 2026: ✅ MASS READINESS: 405 nodes ready - OCPBUGS-70130 fix working\!
bash: line 22: [: too many arguments
Wed Feb 25 12:05:02 PM IST 2026: 📊 Near target: 405 nodes (405 ready, 0
0 not ready)
Wed Feb 25 12:05:45 PM IST 2026: NODES: Total=405 Ready=405 NotReady=0
0
Wed Feb 25 12:05:45 PM IST 2026: PROGRESS: Added 300/148 workers (202.7%)
Wed Feb 25 12:05:45 PM IST 2026: ✅ MASS READINESS: 405 nodes ready - OCPBUGS-70130 fix working\!
bash: line 22: [: too many arguments
Wed Feb 25 12:05:45 PM IST 2026: 📊 Near target: 405 nodes (405 ready, 0
0 not ready)
Wed Feb 25 12:06:35 PM IST 2026: NODES: Total=405 Ready=405 NotReady=0
0
Wed Feb 25 12:06:35 PM IST 2026: PROGRESS: Added 300/148 workers (202.7%)
Wed Feb 25 12:06:35 PM IST 2026: ✅ MASS READINESS: 405 nodes ready - OCPBUGS-70130 fix working\!
bash: line 22: [: too many arguments
Wed Feb 25 12:06:35 PM IST 2026: 📊 Near target: 405 nodes (405 ready, 0
0 not ready)
Wed Feb 25 12:07:18 PM IST 2026: NODES: Total=405 Ready=405 NotReady=0
0
Wed Feb 25 12:07:18 PM IST 2026: PROGRESS: Added 300/148 workers (202.7%)
Wed Feb 25 12:07:18 PM IST 2026: ✅ MASS READINESS: 405 nodes ready - OCPBUGS-70130 fix working\!
bash: line 22: [: too many arguments
Wed Feb 25 12:07:18 PM IST 2026: 📊 Near target: 405 nodes (405 ready, 0
0 not ready)
Wed Feb 25 12:07:59 PM IST 2026: NODES: Total=405 Ready=405 NotReady=0
0
Wed Feb 25 12:07:59 PM IST 2026: PROGRESS: Added 300/148 workers (202.7%)
Wed Feb 25 12:07:59 PM IST 2026: ✅ MASS READINESS: 405 nodes ready - OCPBUGS-70130 fix working\!
bash: line 22: [: too many arguments
Wed Feb 25 12:07:59 PM IST 2026: 📊 Near target: 405 nodes (405 ready, 0
0 not ready)
Wed Feb 25 12:08:42 PM IST 2026: NODES: Total=405 Ready=405 NotReady=0
0
Wed Feb 25 12:08:42 PM IST 2026: PROGRESS: Added 300/148 workers (202.7%)
Wed Feb 25 12:08:42 PM IST 2026: ✅ MASS READINESS: 405 nodes ready - OCPBUGS-70130 fix working\!
bash: line 22: [: too many arguments
Wed Feb 25 12:08:42 PM IST 2026: 📊 Near target: 405 nodes (405 ready, 0
0 not ready)
Wed Feb 25 12:09:25 PM IST 2026: NODES: Total=405 Ready=405 NotReady=0
0
Wed Feb 25 12:09:25 PM IST 2026: PROGRESS: Added 300/148 workers (202.7%)
Wed Feb 25 12:09:25 PM IST 2026: ✅ MASS READINESS: 405 nodes ready - OCPBUGS-70130 fix working\!
bash: line 22: [: too many arguments
Wed Feb 25 12:09:25 PM IST 2026: 📊 Near target: 405 nodes (405 ready, 0
0 not ready)
Wed Feb 25 12:10:16 PM IST 2026: NODES: Total=405 Ready=405 NotReady=0
0
Wed Feb 25 12:10:16 PM IST 2026: PROGRESS: Added 300/148 workers (202.7%)
Wed Feb 25 12:10:16 PM IST 2026: ✅ MASS READINESS: 405 nodes ready - OCPBUGS-70130 fix working\!
bash: line 22: [: too many arguments
Wed Feb 25 12:10:16 PM IST 2026: 📊 Near target: 405 nodes (405 ready, 0
0 not ready)
Wed Feb 25 12:11:03 PM IST 2026: NODES: Total=405 Ready=405 NotReady=0
0
Wed Feb 25 12:11:03 PM IST 2026: PROGRESS: Added 300/148 workers (202.7%)
Wed Feb 25 12:11:03 PM IST 2026: ✅ MASS READINESS: 405 nodes ready - OCPBUGS-70130 fix working\!
bash: line 22: [: too many arguments
Wed Feb 25 12:11:03 PM IST 2026: 📊 Near target: 405 nodes (405 ready, 0
0 not ready)
Wed Feb 25 12:11:47 PM IST 2026: NODES: Total=405 Ready=405 NotReady=0
0
Wed Feb 25 12:11:47 PM IST 2026: PROGRESS: Added 300/148 workers (202.7%)
Wed Feb 25 12:11:47 PM IST 2026: ✅ MASS READINESS: 405 nodes ready - OCPBUGS-70130 fix working\!
bash: line 22: [: too many arguments
Wed Feb 25 12:11:47 PM IST 2026: 📊 Near target: 405 nodes (405 ready, 0
0 not ready)
Wed Feb 25 12:12:42 PM IST 2026: NODES: Total=405 Ready=405 NotReady=0
0
Wed Feb 25 12:12:42 PM IST 2026: PROGRESS: Added 300/148 workers (202.7%)
Wed Feb 25 12:12:42 PM IST 2026: ✅ MASS READINESS: 405 nodes ready - OCPBUGS-70130 fix working\!
bash: line 22: [: too many arguments
Wed Feb 25 12:12:42 PM IST 2026: 📊 Near target: 405 nodes (405 ready, 0
0 not ready)
Wed Feb 25 12:13:37 PM IST 2026: NODES: Total=405 Ready=405 NotReady=0
0
Wed Feb 25 12:13:37 PM IST 2026: PROGRESS: Added 300/148 workers (202.7%)
Wed Feb 25 12:13:37 PM IST 2026: ✅ MASS READINESS: 405 nodes ready - OCPBUGS-70130 fix working\!
bash: line 22: [: too many arguments
Wed Feb 25 12:13:37 PM IST 2026: 📊 Near target: 405 nodes (405 ready, 0
0 not ready)
Wed Feb 25 12:14:21 PM IST 2026: NODES: Total=405 Ready=405 NotReady=0
0
Wed Feb 25 12:14:21 PM IST 2026: PROGRESS: Added 300/148 workers (202.7%)
Wed Feb 25 12:14:21 PM IST 2026: ✅ MASS READINESS: 405 nodes ready - OCPBUGS-70130 fix working\!
bash: line 22: [: too many arguments
Wed Feb 25 12:14:21 PM IST 2026: 📊 Near target: 405 nodes (405 ready, 0
0 not ready)
Wed Feb 25 12:15:05 PM IST 2026: NODES: Total=405 Ready=405 NotReady=0
0
Wed Feb 25 12:15:05 PM IST 2026: PROGRESS: Added 300/148 workers (202.7%)
Wed Feb 25 12:15:05 PM IST 2026: ✅ MASS READINESS: 405 nodes ready - OCPBUGS-70130 fix working\!
bash: line 22: [: too many arguments
Wed Feb 25 12:15:05 PM IST 2026: 📊 Near target: 405 nodes (405 ready, 0
0 not ready)
Wed Feb 25 12:15:49 PM IST 2026: NODES: Total=405 Ready=403 NotReady=0
0
Wed Feb 25 12:15:49 PM IST 2026: PROGRESS: Added 300/148 workers (202.7%)
Wed Feb 25 12:15:49 PM IST 2026: ✅ MASS READINESS: 403 nodes ready - OCPBUGS-70130 fix working\!
bash: line 22: [: too many arguments
Wed Feb 25 12:15:49 PM IST 2026: 📊 Near target: 405 nodes (403 ready, 0
0 not ready)
Wed Feb 25 12:16:42 PM IST 2026: NODES: Total=404 Ready=386 NotReady=0
0
Wed Feb 25 12:16:42 PM IST 2026: PROGRESS: Added 299/148 workers (202.0%)
Wed Feb 25 12:16:42 PM IST 2026: ✅ MASS READINESS: 386 nodes ready - OCPBUGS-70130 fix working\!
bash: line 22: [: too many arguments
Wed Feb 25 12:16:42 PM IST 2026: 📊 Near target: 404 nodes (386 ready, 0
0 not ready)
Wed Feb 25 12:17:23 PM IST 2026: NODES: Total=403 Ready=346 NotReady=0
0
Wed Feb 25 12:17:23 PM IST 2026: PROGRESS: Added 298/148 workers (201.3%)
Wed Feb 25 12:17:23 PM IST 2026: ✅ MASS READINESS: 346 nodes ready - OCPBUGS-70130 fix working\!
bash: line 22: [: too many arguments
Wed Feb 25 12:17:23 PM IST 2026: 📊 Near target: 403 nodes (346 ready, 0
0 not ready)
Wed Feb 25 12:18:03 PM IST 2026: NODES: Total=387 Ready=334 NotReady=0
0
Wed Feb 25 12:18:03 PM IST 2026: PROGRESS: Added 282/148 workers (190.5%)
Wed Feb 25 12:18:03 PM IST 2026: ✅ MASS READINESS: 334 nodes ready - OCPBUGS-70130 fix working\!
bash: line 22: [: too many arguments
Wed Feb 25 12:18:03 PM IST 2026: 📊 Near target: 387 nodes (334 ready, 0
0 not ready)
Wed Feb 25 12:18:48 PM IST 2026: NODES: Total=378 Ready=334 NotReady=1
Wed Feb 25 12:18:48 PM IST 2026: PROGRESS: Added 273/148 workers (184.4%)
Wed Feb 25 12:18:48 PM IST 2026: ✅ MASS READINESS: 334 nodes ready - OCPBUGS-70130 fix working\!
Wed Feb 25 12:18:48 PM IST 2026: 📊 Near target: 378 nodes (334 ready, 1 not ready)
Wed Feb 25 12:19:33 PM IST 2026: NODES: Total=371 Ready=335 NotReady=1
Wed Feb 25 12:19:33 PM IST 2026: PROGRESS: Added 266/148 workers (179.7%)
Wed Feb 25 12:19:33 PM IST 2026: ✅ MASS READINESS: 335 nodes ready - OCPBUGS-70130 fix working\!
Wed Feb 25 12:19:33 PM IST 2026: 📊 Near target: 371 nodes (335 ready, 1 not ready)
Wed Feb 25 12:20:13 PM IST 2026: NODES: Total=340 Ready=335 NotReady=0
0
Wed Feb 25 12:20:13 PM IST 2026: PROGRESS: Added 235/148 workers (158.7%)
Wed Feb 25 12:20:13 PM IST 2026: ✅ MASS READINESS: 335 nodes ready - OCPBUGS-70130 fix working\!
bash: line 22: [: too many arguments
Wed Feb 25 12:20:13 PM IST 2026: 📊 Near target: 340 nodes (335 ready, 0
0 not ready)
Wed Feb 25 12:20:52 PM IST 2026: NODES: Total=336 Ready=335 NotReady=0
0
Wed Feb 25 12:20:52 PM IST 2026: PROGRESS: Added 231/148 workers (156.0%)
Wed Feb 25 12:20:52 PM IST 2026: ✅ MASS READINESS: 335 nodes ready - OCPBUGS-70130 fix working\!
bash: line 22: [: too many arguments
Wed Feb 25 12:20:52 PM IST 2026: 📊 Near target: 336 nodes (335 ready, 0
0 not ready)
Wed Feb 25 12:21:31 PM IST 2026: NODES: Total=336 Ready=333 NotReady=1
Wed Feb 25 12:21:31 PM IST 2026: PROGRESS: Added 231/148 workers (156.0%)
Wed Feb 25 12:21:31 PM IST 2026: ✅ MASS READINESS: 333 nodes ready - OCPBUGS-70130 fix working\!
Wed Feb 25 12:21:31 PM IST 2026: 📊 Near target: 336 nodes (333 ready, 1 not ready)
Wed Feb 25 12:22:12 PM IST 2026: NODES: Total=333 Ready=333 NotReady=0
0
Wed Feb 25 12:22:12 PM IST 2026: PROGRESS: Added 228/148 workers (154.0%)
Wed Feb 25 12:22:12 PM IST 2026: ✅ MASS READINESS: 333 nodes ready - OCPBUGS-70130 fix working\!
bash: line 22: [: too many arguments
Wed Feb 25 12:22:12 PM IST 2026: 📊 Near target: 333 nodes (333 ready, 0
0 not ready)
Wed Feb 25 12:23:02 PM IST 2026: NODES: Total=333 Ready=333 NotReady=0
0
Wed Feb 25 12:23:02 PM IST 2026: PROGRESS: Added 228/148 workers (154.0%)
Wed Feb 25 12:23:02 PM IST 2026: ✅ MASS READINESS: 333 nodes ready - OCPBUGS-70130 fix working\!
bash: line 22: [: too many arguments
Wed Feb 25 12:23:02 PM IST 2026: 📊 Near target: 333 nodes (333 ready, 0
0 not ready)
Wed Feb 25 12:23:41 PM IST 2026: NODES: Total=354 Ready=333 NotReady=26
Wed Feb 25 12:23:41 PM IST 2026: PROGRESS: Added 249/148 workers (168.2%)
Wed Feb 25 12:23:41 PM IST 2026: ✅ MASS READINESS: 333 nodes ready - OCPBUGS-70130 fix working\!
Wed Feb 25 12:23:41 PM IST 2026: 📊 Near target: 354 nodes (333 ready, 26 not ready)
Wed Feb 25 12:24:22 PM IST 2026: NODES: Total=365 Ready=347 NotReady=15
Wed Feb 25 12:24:22 PM IST 2026: PROGRESS: Added 260/148 workers (175.6%)
Wed Feb 25 12:24:22 PM IST 2026: ✅ MASS READINESS: 347 nodes ready - OCPBUGS-70130 fix working\!
Wed Feb 25 12:24:22 PM IST 2026: 📊 Near target: 365 nodes (347 ready, 15 not ready)
Wed Feb 25 12:25:18 PM IST 2026: NODES: Total=370 Ready=362 NotReady=11
Wed Feb 25 12:25:18 PM IST 2026: PROGRESS: Added 265/148 workers (179.0%)
Wed Feb 25 12:25:18 PM IST 2026: ✅ MASS READINESS: 362 nodes ready - OCPBUGS-70130 fix working\!
Wed Feb 25 12:25:18 PM IST 2026: 📊 Near target: 370 nodes (362 ready, 11 not ready)
Wed Feb 25 12:26:00 PM IST 2026: NODES: Total=386 Ready=367 NotReady=23
Wed Feb 25 12:26:00 PM IST 2026: PROGRESS: Added 281/148 workers (189.8%)
Wed Feb 25 12:26:00 PM IST 2026: ✅ MASS READINESS: 367 nodes ready - OCPBUGS-70130 fix working\!
Wed Feb 25 12:26:00 PM IST 2026: 📊 Near target: 386 nodes (367 ready, 23 not ready)
Wed Feb 25 12:26:42 PM IST 2026: NODES: Total=402 Ready=384 NotReady=17
Wed Feb 25 12:26:42 PM IST 2026: PROGRESS: Added 297/148 workers (200.6%)
Wed Feb 25 12:26:42 PM IST 2026: ✅ MASS READINESS: 384 nodes ready - OCPBUGS-70130 fix working\!
Wed Feb 25 12:26:42 PM IST 2026: 📊 Near target: 402 nodes (384 ready, 17 not ready)
Wed Feb 25 12:27:26 PM IST 2026: NODES: Total=405 Ready=399 NotReady=5
Wed Feb 25 12:27:26 PM IST 2026: PROGRESS: Added 300/148 workers (202.7%)
Wed Feb 25 12:27:26 PM IST 2026: ✅ MASS READINESS: 399 nodes ready - OCPBUGS-70130 fix working\!
Wed Feb 25 12:27:26 PM IST 2026: 📊 Near target: 405 nodes (399 ready, 5 not ready)
Wed Feb 25 12:28:06 PM IST 2026: NODES: Total=405 Ready=402 NotReady=2
Wed Feb 25 12:28:06 PM IST 2026: PROGRESS: Added 300/148 workers (202.7%)
Wed Feb 25 12:28:06 PM IST 2026: ✅ MASS READINESS: 402 nodes ready - OCPBUGS-70130 fix working\!
Wed Feb 25 12:28:06 PM IST 2026: 📊 Near target: 405 nodes (402 ready, 2 not ready)
Wed Feb 25 12:28:59 PM IST 2026: NODES: Total=405 Ready=405 NotReady=0
0
Wed Feb 25 12:28:59 PM IST 2026: PROGRESS: Added 300/148 workers (202.7%)
Wed Feb 25 12:28:59 PM IST 2026: ✅ MASS READINESS: 405 nodes ready - OCPBUGS-70130 fix working\!
bash: line 22: [: too many arguments
Wed Feb 25 12:28:59 PM IST 2026: 📊 Near target: 405 nodes (405 ready, 0
0 not ready)
Wed Feb 25 12:29:44 PM IST 2026: NODES: Total=405 Ready=405 NotReady=0
0
Wed Feb 25 12:29:44 PM IST 2026: PROGRESS: Added 300/148 workers (202.7%)
Wed Feb 25 12:29:44 PM IST 2026: ✅ MASS READINESS: 405 nodes ready - OCPBUGS-70130 fix working\!
bash: line 22: [: too many arguments
Wed Feb 25 12:29:44 PM IST 2026: 📊 Near target: 405 nodes (405 ready, 0
0 not ready)
Wed Feb 25 12:30:26 PM IST 2026: NODES: Total=405 Ready=405 NotReady=0
0
Wed Feb 25 12:30:26 PM IST 2026: PROGRESS: Added 300/148 workers (202.7%)
Wed Feb 25 12:30:26 PM IST 2026: ✅ MASS READINESS: 405 nodes ready - OCPBUGS-70130 fix working\!
bash: line 22: [: too many arguments
Wed Feb 25 12:30:26 PM IST 2026: 📊 Near target: 405 nodes (405 ready, 0
0 not ready)
Wed Feb 25 12:31:10 PM IST 2026: NODES: Total=405 Ready=405 NotReady=0
0
Wed Feb 25 12:31:10 PM IST 2026: PROGRESS: Added 300/148 workers (202.7%)
Wed Feb 25 12:31:10 PM IST 2026: ✅ MASS READINESS: 405 nodes ready - OCPBUGS-70130 fix working\!
bash: line 22: [: too many arguments
Wed Feb 25 12:31:10 PM IST 2026: 📊 Near target: 405 nodes (405 ready, 0
0 not ready)
Wed Feb 25 12:31:59 PM IST 2026: NODES: Total=405 Ready=405 NotReady=0
0
Wed Feb 25 12:31:59 PM IST 2026: PROGRESS: Added 300/148 workers (202.7%)
Wed Feb 25 12:31:59 PM IST 2026: ✅ MASS READINESS: 405 nodes ready - OCPBUGS-70130 fix working\!
bash: line 22: [: too many arguments
Wed Feb 25 12:31:59 PM IST 2026: 📊 Near target: 405 nodes (405 ready, 0
0 not ready)
Wed Feb 25 12:32:40 PM IST 2026: NODES: Total=405 Ready=405 NotReady=0
0
Wed Feb 25 12:32:40 PM IST 2026: PROGRESS: Added 300/148 workers (202.7%)
Wed Feb 25 12:32:40 PM IST 2026: ✅ MASS READINESS: 405 nodes ready - OCPBUGS-70130 fix working\!
bash: line 22: [: too many arguments
Wed Feb 25 12:32:40 PM IST 2026: 📊 Near target: 405 nodes (405 ready, 0
0 not ready)
Wed Feb 25 12:33:30 PM IST 2026: NODES: Total=405 Ready=405 NotReady=0
0
Wed Feb 25 12:33:30 PM IST 2026: PROGRESS: Added 300/148 workers (202.7%)
Wed Feb 25 12:33:30 PM IST 2026: ✅ MASS READINESS: 405 nodes ready - OCPBUGS-70130 fix working\!
bash: line 22: [: too many arguments
Wed Feb 25 12:33:30 PM IST 2026: 📊 Near target: 405 nodes (405 ready, 0
0 not ready)
Wed Feb 25 12:34:11 PM IST 2026: NODES: Total=405 Ready=405 NotReady=0
0
Wed Feb 25 12:34:11 PM IST 2026: PROGRESS: Added 300/148 workers (202.7%)
Wed Feb 25 12:34:11 PM IST 2026: ✅ MASS READINESS: 405 nodes ready - OCPBUGS-70130 fix working\!
bash: line 22: [: too many arguments
Wed Feb 25 12:34:11 PM IST 2026: 📊 Near target: 405 nodes (405 ready, 0
0 not ready)
Wed Feb 25 12:34:53 PM IST 2026: NODES: Total=405 Ready=405 NotReady=0
0
Wed Feb 25 12:34:53 PM IST 2026: PROGRESS: Added 300/148 workers (202.7%)
Wed Feb 25 12:34:53 PM IST 2026: ✅ MASS READINESS: 405 nodes ready - OCPBUGS-70130 fix working\!
bash: line 22: [: too many arguments
Wed Feb 25 12:34:53 PM IST 2026: 📊 Near target: 405 nodes (405 ready, 0
0 not ready)
Wed Feb 25 12:35:41 PM IST 2026: NODES: Total=405 Ready=405 NotReady=0
0
Wed Feb 25 12:35:41 PM IST 2026: PROGRESS: Added 300/148 workers (202.7%)
Wed Feb 25 12:35:41 PM IST 2026: ✅ MASS READINESS: 405 nodes ready - OCPBUGS-70130 fix working\!
bash: line 22: [: too many arguments
Wed Feb 25 12:35:41 PM IST 2026: 📊 Near target: 405 nodes (405 ready, 0
0 not ready)
Wed Feb 25 12:36:28 PM IST 2026: NODES: Total=405 Ready=405 NotReady=0
0
Wed Feb 25 12:36:28 PM IST 2026: PROGRESS: Added 300/148 workers (202.7%)
Wed Feb 25 12:36:28 PM IST 2026: ✅ MASS READINESS: 405 nodes ready - OCPBUGS-70130 fix working\!
bash: line 22: [: too many arguments
Wed Feb 25 12:36:28 PM IST 2026: 📊 Near target: 405 nodes (405 ready, 0
0 not ready)
Wed Feb 25 12:37:13 PM IST 2026: NODES: Total=405 Ready=405 NotReady=0
0
Wed Feb 25 12:37:13 PM IST 2026: PROGRESS: Added 300/148 workers (202.7%)
Wed Feb 25 12:37:13 PM IST 2026: ✅ MASS READINESS: 405 nodes ready - OCPBUGS-70130 fix working\!
bash: line 22: [: too many arguments
Wed Feb 25 12:37:13 PM IST 2026: 📊 Near target: 405 nodes (405 ready, 0
0 not ready)
Wed Feb 25 12:37:52 PM IST 2026: NODES: Total=405 Ready=405 NotReady=0
0
Wed Feb 25 12:37:52 PM IST 2026: PROGRESS: Added 300/148 workers (202.7%)
Wed Feb 25 12:37:52 PM IST 2026: ✅ MASS READINESS: 405 nodes ready - OCPBUGS-70130 fix working\!
bash: line 22: [: too many arguments
Wed Feb 25 12:37:52 PM IST 2026: 📊 Near target: 405 nodes (405 ready, 0
0 not ready)
Wed Feb 25 12:38:48 PM IST 2026: NODES: Total=405 Ready=405 NotReady=0
0
Wed Feb 25 12:38:48 PM IST 2026: PROGRESS: Added 300/148 workers (202.7%)
Wed Feb 25 12:38:48 PM IST 2026: ✅ MASS READINESS: 405 nodes ready - OCPBUGS-70130 fix working\!
bash: line 22: [: too many arguments
Wed Feb 25 12:38:48 PM IST 2026: 📊 Near target: 405 nodes (405 ready, 0
0 not ready)
Wed Feb 25 12:39:30 PM IST 2026: NODES: Total=405 Ready=405 NotReady=0
0
Wed Feb 25 12:39:30 PM IST 2026: PROGRESS: Added 300/148 workers (202.7%)
Wed Feb 25 12:39:30 PM IST 2026: ✅ MASS READINESS: 405 nodes ready - OCPBUGS-70130 fix working\!
bash: line 22: [: too many arguments
Wed Feb 25 12:39:30 PM IST 2026: 📊 Near target: 405 nodes (405 ready, 0
0 not ready)
Wed Feb 25 12:40:16 PM IST 2026: NODES: Total=405 Ready=404 NotReady=0
0
Wed Feb 25 12:40:16 PM IST 2026: PROGRESS: Added 300/148 workers (202.7%)
Wed Feb 25 12:40:16 PM IST 2026: ✅ MASS READINESS: 404 nodes ready - OCPBUGS-70130 fix working\!
bash: line 22: [: too many arguments
Wed Feb 25 12:40:16 PM IST 2026: 📊 Near target: 405 nodes (404 ready, 0
0 not ready)
Wed Feb 25 12:40:58 PM IST 2026: NODES: Total=405 Ready=402 NotReady=0
0
Wed Feb 25 12:40:58 PM IST 2026: PROGRESS: Added 300/148 workers (202.7%)
Wed Feb 25 12:40:58 PM IST 2026: ✅ MASS READINESS: 402 nodes ready - OCPBUGS-70130 fix working\!
bash: line 22: [: too many arguments
Wed Feb 25 12:40:58 PM IST 2026: 📊 Near target: 405 nodes (402 ready, 0
0 not ready)
