Wed Feb 25 11:10:30 AM IST 2026: NODES: Total=255 Ready=255 NotReady=0
0
Wed Feb 25 11:11:14 AM IST 2026: NODES: Total=255 Ready=255 NotReady=0
0
Wed Feb 25 11:11:51 AM IST 2026: NODES: Total=255 Ready=255 NotReady=0
0
Wed Feb 25 11:12:29 AM IST 2026: NODES: Total=255 Ready=255 NotReady=0
0
Wed Feb 25 11:13:11 AM IST 2026: NODES: Total=262 Ready=255 NotReady=7
Wed Feb 25 11:13:11 AM IST 2026: PROGRESS: Added 7/148 additional workers (4.7%)
Wed Feb 25 11:13:50 AM IST 2026: NODES: Total=267 Ready=258 NotReady=8
Wed Feb 25 11:13:50 AM IST 2026: PROGRESS: Added 12/148 additional workers (8.1%)
Wed Feb 25 11:14:30 AM IST 2026: NODES: Total=267 Ready=266 NotReady=1
Wed Feb 25 11:14:30 AM IST 2026: PROGRESS: Added 12/148 additional workers (8.1%)
Wed Feb 25 11:15:13 AM IST 2026: NODES: Total=267 Ready=267 NotReady=0
0
Wed Feb 25 11:15:13 AM IST 2026: PROGRESS: Added 12/148 additional workers (8.1%)
Wed Feb 25 11:15:52 AM IST 2026: NODES: Total=267 Ready=267 NotReady=0
0
Wed Feb 25 11:15:52 AM IST 2026: PROGRESS: Added 12/148 additional workers (8.1%)
Wed Feb 25 11:16:32 AM IST 2026: NODES: Total=267 Ready=267 NotReady=2
Wed Feb 25 11:16:32 AM IST 2026: PROGRESS: Added 12/148 additional workers (8.1%)
Wed Feb 25 11:17:14 AM IST 2026: NODES: Total=330 Ready=265 NotReady=72
Wed Feb 25 11:17:14 AM IST 2026: PROGRESS: Added 75/148 additional workers (50.6%)
Wed Feb 25 11:18:03 AM IST 2026: NODES: Total=348 Ready=258 NotReady=63
Wed Feb 25 11:18:03 AM IST 2026: PROGRESS: Added 93/148 additional workers (62.8%)
Wed Feb 25 11:18:43 AM IST 2026: NODES: Total=347 Ready=259 NotReady=23
Wed Feb 25 11:18:43 AM IST 2026: PROGRESS: Added 92/148 additional workers (62.1%)
Wed Feb 25 11:19:32 AM IST 2026: NODES: Total=339 Ready=217 NotReady=29
Wed Feb 25 11:19:32 AM IST 2026: PROGRESS: Added 84/148 additional workers (56.7%)
Wed Feb 25 11:20:21 AM IST 2026: NODES: Total=254 Ready=168 NotReady=9
Wed Feb 25 11:21:09 AM IST 2026: NODES: Total=175 Ready=170 NotReady=1
Wed Feb 25 11:21:57 AM IST 2026: NODES: Total=172 Ready=171 NotReady=0
0
Wed Feb 25 11:22:39 AM IST 2026: NODES: Total=172 Ready=171 NotReady=0
0
Wed Feb 25 11:23:16 AM IST 2026: NODES: Total=172 Ready=171 NotReady=0
0
Wed Feb 25 11:24:00 AM IST 2026: NODES: Total=172 Ready=171 NotReady=0
0
Wed Feb 25 11:24:38 AM IST 2026: NODES: Total=176 Ready=164 NotReady=5
Wed Feb 25 11:25:18 AM IST 2026: NODES: Total=179 Ready=162 NotReady=7
Wed Feb 25 11:25:58 AM IST 2026: NODES: Total=177 Ready=167 NotReady=10
Wed Feb 25 11:26:35 AM IST 2026: NODES: Total=194 Ready=174 NotReady=24
Wed Feb 25 11:27:14 AM IST 2026: NODES: Total=206 Ready=188 NotReady=15
Wed Feb 25 11:27:51 AM IST 2026: NODES: Total=206 Ready=205 NotReady=1
Wed Feb 25 11:28:34 AM IST 2026: NODES: Total=206 Ready=206 NotReady=0
0
Wed Feb 25 11:29:13 AM IST 2026: NODES: Total=206 Ready=206 NotReady=0
0
Wed Feb 25 11:29:53 AM IST 2026: NODES: Total=206 Ready=206 NotReady=0
0
Wed Feb 25 11:30:32 AM IST 2026: NODES: Total=206 Ready=206 NotReady=0
0
Wed Feb 25 11:31:10 AM IST 2026: NODES: Total=211 Ready=206 NotReady=5
Wed Feb 25 11:31:48 AM IST 2026: NODES: Total=211 Ready=206 NotReady=4
Wed Feb 25 11:32:26 AM IST 2026: NODES: Total=211 Ready=209 NotReady=1
Wed Feb 25 11:33:04 AM IST 2026: NODES: Total=269 Ready=211 NotReady=73
Wed Feb 25 11:33:04 AM IST 2026: PROGRESS: Added 14/148 additional workers (9.4%)
Wed Feb 25 11:33:44 AM IST 2026: NODES: Total=320 Ready=218 NotReady=105
Wed Feb 25 11:33:44 AM IST 2026: PROGRESS: Added 65/148 additional workers (43.9%)
Wed Feb 25 11:34:25 AM IST 2026: NODES: Total=328 Ready=282 NotReady=39
Wed Feb 25 11:34:25 AM IST 2026: PROGRESS: Added 73/148 additional workers (49.3%)
Wed Feb 25 11:35:11 AM IST 2026: NODES: Total=358 Ready=322 NotReady=45
Wed Feb 25 11:35:11 AM IST 2026: PROGRESS: Added 103/148 additional workers (69.5%)
Wed Feb 25 11:35:11 AM IST 2026: 🚀 MASSIVE SCALE: 322 nodes ready - OCPBUGS-70130 fix dominant\!
Wed Feb 25 11:35:52 AM IST 2026: NODES: Total=392 Ready=331 NotReady=52
Wed Feb 25 11:35:52 AM IST 2026: PROGRESS: Added 137/148 additional workers (92.5%)
Wed Feb 25 11:35:52 AM IST 2026: 🚀 MASSIVE SCALE: 331 nodes ready - OCPBUGS-70130 fix dominant\!
Wed Feb 25 11:35:52 AM IST 2026: 📊 Near 400 target: 392 nodes (331 ready, 52 not ready)
Wed Feb 25 11:36:36 AM IST 2026: NODES: Total=395 Ready=368 NotReady=20
Wed Feb 25 11:36:36 AM IST 2026: PROGRESS: Added 140/148 additional workers (94.5%)
Wed Feb 25 11:36:36 AM IST 2026: 🚀 MASSIVE SCALE: 368 nodes ready - OCPBUGS-70130 fix dominant\!
Wed Feb 25 11:36:36 AM IST 2026: 📊 Near 400 target: 395 nodes (368 ready, 20 not ready)
Wed Feb 25 11:37:15 AM IST 2026: NODES: Total=402 Ready=388 NotReady=10
Wed Feb 25 11:37:15 AM IST 2026: PROGRESS: Added 147/148 additional workers (99.3%)
Wed Feb 25 11:37:15 AM IST 2026: 🚀 MASSIVE SCALE: 388 nodes ready - OCPBUGS-70130 fix dominant\!
Wed Feb 25 11:37:15 AM IST 2026: 📊 Near 400 target: 402 nodes (388 ready, 10 not ready)
Wed Feb 25 11:37:55 AM IST 2026: NODES: Total=402 Ready=392 NotReady=3
Wed Feb 25 11:37:55 AM IST 2026: PROGRESS: Added 147/148 additional workers (99.3%)
Wed Feb 25 11:37:55 AM IST 2026: 🚀 MASSIVE SCALE: 392 nodes ready - OCPBUGS-70130 fix dominant\!
Wed Feb 25 11:37:55 AM IST 2026: 📊 Near 400 target: 402 nodes (392 ready, 3 not ready)
Wed Feb 25 11:38:46 AM IST 2026: NODES: Total=402 Ready=397 NotReady=0
0
Wed Feb 25 11:38:46 AM IST 2026: PROGRESS: Added 147/148 additional workers (99.3%)
Wed Feb 25 11:38:46 AM IST 2026: 🚀 MASSIVE SCALE: 397 nodes ready - OCPBUGS-70130 fix dominant\!
Wed Feb 25 11:38:46 AM IST 2026: 📊 Near 400 target: 402 nodes (397 ready, 0
0 not ready)
Wed Feb 25 11:39:27 AM IST 2026: NODES: Total=396 Ready=392 NotReady=1
Wed Feb 25 11:39:27 AM IST 2026: PROGRESS: Added 141/148 additional workers (95.2%)
Wed Feb 25 11:39:27 AM IST 2026: 🚀 MASSIVE SCALE: 392 nodes ready - OCPBUGS-70130 fix dominant\!
Wed Feb 25 11:39:27 AM IST 2026: 📊 Near 400 target: 396 nodes (392 ready, 1 not ready)
Wed Feb 25 11:40:19 AM IST 2026: NODES: Total=392 Ready=392 NotReady=0
0
Wed Feb 25 11:40:19 AM IST 2026: PROGRESS: Added 137/148 additional workers (92.5%)
Wed Feb 25 11:40:19 AM IST 2026: 🚀 MASSIVE SCALE: 392 nodes ready - OCPBUGS-70130 fix dominant\!
Wed Feb 25 11:40:19 AM IST 2026: 📊 Near 400 target: 392 nodes (392 ready, 0
0 not ready)
Wed Feb 25 11:41:11 AM IST 2026: NODES: Total=392 Ready=336 NotReady=0
0
Wed Feb 25 11:41:11 AM IST 2026: PROGRESS: Added 137/148 additional workers (92.5%)
Wed Feb 25 11:41:11 AM IST 2026: 🚀 MASSIVE SCALE: 336 nodes ready - OCPBUGS-70130 fix dominant\!
Wed Feb 25 11:41:11 AM IST 2026: 📊 Near 400 target: 392 nodes (336 ready, 0
0 not ready)
Wed Feb 25 11:41:58 AM IST 2026: NODES: Total=389 Ready=306 NotReady=1
Wed Feb 25 11:41:58 AM IST 2026: PROGRESS: Added 134/148 additional workers (90.5%)
Wed Feb 25 11:41:58 AM IST 2026: 🚀 MASSIVE SCALE: 306 nodes ready - OCPBUGS-70130 fix dominant\!
Wed Feb 25 11:41:58 AM IST 2026: 📊 Near 400 target: 389 nodes (306 ready, 1 not ready)
Wed Feb 25 11:42:44 AM IST 2026: NODES: Total=382 Ready=226 NotReady=9
Wed Feb 25 11:42:44 AM IST 2026: PROGRESS: Added 127/148 additional workers (85.8%)
Wed Feb 25 11:42:44 AM IST 2026: 📊 Near 400 target: 382 nodes (226 ready, 9 not ready)
Wed Feb 25 11:43:22 AM IST 2026: NODES: Total=357 Ready=229 NotReady=5
Wed Feb 25 11:43:22 AM IST 2026: PROGRESS: Added 102/148 additional workers (68.9%)
Wed Feb 25 11:44:09 AM IST 2026: NODES: Total=279 Ready=234 NotReady=0
0
Wed Feb 25 11:44:09 AM IST 2026: PROGRESS: Added 24/148 additional workers (16.2%)
Wed Feb 25 11:44:54 AM IST 2026: NODES: Total=234 Ready=234 NotReady=0
0
Wed Feb 25 11:45:36 AM IST 2026: NODES: Total=234 Ready=234 NotReady=0
0
Wed Feb 25 11:46:25 AM IST 2026: NODES: Total=234 Ready=234 NotReady=0
0
Wed Feb 25 11:47:08 AM IST 2026: NODES: Total=234 Ready=234 NotReady=0
0
Wed Feb 25 11:47:53 AM IST 2026: NODES: Total=234 Ready=234 NotReady=0
0
Wed Feb 25 11:48:43 AM IST 2026: NODES: Total=234 Ready=234 NotReady=0
0
Wed Feb 25 11:49:34 AM IST 2026: NODES: Total=234 Ready=234 NotReady=0
0
Wed Feb 25 11:50:14 AM IST 2026: NODES: Total=234 Ready=234 NotReady=0
0
Wed Feb 25 11:50:57 AM IST 2026: NODES: Total=234 Ready=234 NotReady=0
0
Wed Feb 25 11:51:39 AM IST 2026: NODES: Total=234 Ready=234 NotReady=0
0
Wed Feb 25 11:52:30 AM IST 2026: NODES: Total=234 Ready=232 NotReady=0
0
Wed Feb 25 11:53:15 AM IST 2026: NODES: Total=234 Ready=231 NotReady=0
0
Wed Feb 25 11:53:56 AM IST 2026: NODES: Total=232 Ready=231 NotReady=3
Wed Feb 25 11:54:35 AM IST 2026: NODES: Total=255 Ready=231 NotReady=28
Wed Feb 25 11:55:13 AM IST 2026: NODES: Total=325 Ready=237 NotReady=98
Wed Feb 25 11:55:13 AM IST 2026: PROGRESS: Added 70/148 additional workers (47.2%)
Wed Feb 25 11:56:09 AM IST 2026: NODES: Total=355 Ready=311 NotReady=27
Wed Feb 25 11:56:09 AM IST 2026: PROGRESS: Added 100/148 additional workers (67.5%)
Wed Feb 25 11:56:09 AM IST 2026: 🚀 MASSIVE SCALE: 311 nodes ready - OCPBUGS-70130 fix dominant\!
Wed Feb 25 11:57:16 AM IST 2026: NODES: Total=372 Ready=352 NotReady=38
Wed Feb 25 11:57:16 AM IST 2026: PROGRESS: Added 117/148 additional workers (79.0%)
Wed Feb 25 11:57:16 AM IST 2026: 🚀 MASSIVE SCALE: 352 nodes ready - OCPBUGS-70130 fix dominant\!
Wed Feb 25 11:58:10 AM IST 2026: NODES: Total=395 Ready=369 NotReady=8
Wed Feb 25 11:58:10 AM IST 2026: PROGRESS: Added 140/148 additional workers (94.5%)
Wed Feb 25 11:58:10 AM IST 2026: 🚀 MASSIVE SCALE: 369 nodes ready - OCPBUGS-70130 fix dominant\!
Wed Feb 25 11:58:10 AM IST 2026: 📊 Near 400 target: 395 nodes (369 ready, 8 not ready)
Wed Feb 25 11:59:12 AM IST 2026: NODES: Total=395 Ready=394 NotReady=3
Wed Feb 25 11:59:12 AM IST 2026: PROGRESS: Added 140/148 additional workers (94.5%)
Wed Feb 25 11:59:12 AM IST 2026: 🚀 MASSIVE SCALE: 394 nodes ready - OCPBUGS-70130 fix dominant\!
Wed Feb 25 11:59:12 AM IST 2026: 📊 Near 400 target: 395 nodes (394 ready, 3 not ready)
Wed Feb 25 12:00:05 PM IST 2026: NODES: Total=397 Ready=395 NotReady=2
Wed Feb 25 12:00:05 PM IST 2026: PROGRESS: Added 142/148 additional workers (95.9%)
Wed Feb 25 12:00:05 PM IST 2026: 🚀 MASSIVE SCALE: 395 nodes ready - OCPBUGS-70130 fix dominant\!
Wed Feb 25 12:00:05 PM IST 2026: 📊 Near 400 target: 397 nodes (395 ready, 2 not ready)
Wed Feb 25 12:00:47 PM IST 2026: NODES: Total=398 Ready=397 NotReady=1
Wed Feb 25 12:00:47 PM IST 2026: PROGRESS: Added 143/148 additional workers (96.6%)
Wed Feb 25 12:00:47 PM IST 2026: 🚀 MASSIVE SCALE: 397 nodes ready - OCPBUGS-70130 fix dominant\!
Wed Feb 25 12:00:47 PM IST 2026: 📊 Near 400 target: 398 nodes (397 ready, 1 not ready)
Wed Feb 25 12:01:30 PM IST 2026: NODES: Total=398 Ready=398 NotReady=0
0
Wed Feb 25 12:01:30 PM IST 2026: PROGRESS: Added 143/148 additional workers (96.6%)
Wed Feb 25 12:01:30 PM IST 2026: 🚀 MASSIVE SCALE: 398 nodes ready - OCPBUGS-70130 fix dominant\!
Wed Feb 25 12:01:30 PM IST 2026: 📊 Near 400 target: 398 nodes (398 ready, 0
0 not ready)
Wed Feb 25 12:02:10 PM IST 2026: NODES: Total=398 Ready=398 NotReady=1
Wed Feb 25 12:02:10 PM IST 2026: PROGRESS: Added 143/148 additional workers (96.6%)
Wed Feb 25 12:02:10 PM IST 2026: 🚀 MASSIVE SCALE: 398 nodes ready - OCPBUGS-70130 fix dominant\!
Wed Feb 25 12:02:10 PM IST 2026: 📊 Near 400 target: 398 nodes (398 ready, 1 not ready)
Wed Feb 25 12:02:53 PM IST 2026: NODES: Total=401 Ready=398 NotReady=5
Wed Feb 25 12:02:53 PM IST 2026: PROGRESS: Added 146/148 additional workers (98.6%)
Wed Feb 25 12:02:53 PM IST 2026: 🚀 MASSIVE SCALE: 398 nodes ready - OCPBUGS-70130 fix dominant\!
Wed Feb 25 12:02:53 PM IST 2026: 📊 Near 400 target: 401 nodes (398 ready, 5 not ready)
Wed Feb 25 12:03:35 PM IST 2026: NODES: Total=405 Ready=401 NotReady=4
Wed Feb 25 12:03:35 PM IST 2026: PROGRESS: Added 150/148 additional workers (101.3%)
Wed Feb 25 12:03:35 PM IST 2026: 🚀 MASSIVE SCALE: 401 nodes ready - OCPBUGS-70130 fix dominant\!
Wed Feb 25 12:03:35 PM IST 2026: 📊 Near 400 target: 405 nodes (401 ready, 4 not ready)
Wed Feb 25 12:04:21 PM IST 2026: NODES: Total=405 Ready=405 NotReady=0
0
Wed Feb 25 12:04:21 PM IST 2026: PROGRESS: Added 150/148 additional workers (101.3%)
Wed Feb 25 12:04:21 PM IST 2026: 🚀 MASSIVE SCALE: 405 nodes ready - OCPBUGS-70130 fix dominant\!
bash: line 22: [: too many arguments
Wed Feb 25 12:04:21 PM IST 2026: 📊 Near 400 target: 405 nodes (405 ready, 0
0 not ready)
Wed Feb 25 12:05:07 PM IST 2026: NODES: Total=405 Ready=405 NotReady=0
0
Wed Feb 25 12:05:07 PM IST 2026: PROGRESS: Added 150/148 additional workers (101.3%)
Wed Feb 25 12:05:07 PM IST 2026: 🚀 MASSIVE SCALE: 405 nodes ready - OCPBUGS-70130 fix dominant\!
bash: line 22: [: too many arguments
Wed Feb 25 12:05:07 PM IST 2026: 📊 Near 400 target: 405 nodes (405 ready, 0
0 not ready)
Wed Feb 25 12:05:51 PM IST 2026: NODES: Total=405 Ready=405 NotReady=0
0
Wed Feb 25 12:05:51 PM IST 2026: PROGRESS: Added 150/148 additional workers (101.3%)
Wed Feb 25 12:05:51 PM IST 2026: 🚀 MASSIVE SCALE: 405 nodes ready - OCPBUGS-70130 fix dominant\!
bash: line 22: [: too many arguments
Wed Feb 25 12:05:51 PM IST 2026: 📊 Near 400 target: 405 nodes (405 ready, 0
0 not ready)
Wed Feb 25 12:06:41 PM IST 2026: NODES: Total=405 Ready=405 NotReady=0
0
Wed Feb 25 12:06:41 PM IST 2026: PROGRESS: Added 150/148 additional workers (101.3%)
Wed Feb 25 12:06:41 PM IST 2026: 🚀 MASSIVE SCALE: 405 nodes ready - OCPBUGS-70130 fix dominant\!
bash: line 22: [: too many arguments
Wed Feb 25 12:06:41 PM IST 2026: 📊 Near 400 target: 405 nodes (405 ready, 0
0 not ready)
Wed Feb 25 12:07:25 PM IST 2026: NODES: Total=405 Ready=405 NotReady=0
0
Wed Feb 25 12:07:25 PM IST 2026: PROGRESS: Added 150/148 additional workers (101.3%)
Wed Feb 25 12:07:25 PM IST 2026: 🚀 MASSIVE SCALE: 405 nodes ready - OCPBUGS-70130 fix dominant\!
bash: line 22: [: too many arguments
Wed Feb 25 12:07:25 PM IST 2026: 📊 Near 400 target: 405 nodes (405 ready, 0
0 not ready)
Wed Feb 25 12:08:13 PM IST 2026: NODES: Total=405 Ready=405 NotReady=0
0
Wed Feb 25 12:08:13 PM IST 2026: PROGRESS: Added 150/148 additional workers (101.3%)
Wed Feb 25 12:08:13 PM IST 2026: 🚀 MASSIVE SCALE: 405 nodes ready - OCPBUGS-70130 fix dominant\!
bash: line 22: [: too many arguments
Wed Feb 25 12:08:13 PM IST 2026: 📊 Near 400 target: 405 nodes (405 ready, 0
0 not ready)
Wed Feb 25 12:08:57 PM IST 2026: NODES: Total=405 Ready=405 NotReady=0
0
Wed Feb 25 12:08:57 PM IST 2026: PROGRESS: Added 150/148 additional workers (101.3%)
Wed Feb 25 12:08:57 PM IST 2026: 🚀 MASSIVE SCALE: 405 nodes ready - OCPBUGS-70130 fix dominant\!
bash: line 22: [: too many arguments
Wed Feb 25 12:08:57 PM IST 2026: 📊 Near 400 target: 405 nodes (405 ready, 0
0 not ready)
Wed Feb 25 12:09:36 PM IST 2026: NODES: Total=405 Ready=405 NotReady=0
0
Wed Feb 25 12:09:36 PM IST 2026: PROGRESS: Added 150/148 additional workers (101.3%)
Wed Feb 25 12:09:36 PM IST 2026: 🚀 MASSIVE SCALE: 405 nodes ready - OCPBUGS-70130 fix dominant\!
bash: line 22: [: too many arguments
Wed Feb 25 12:09:36 PM IST 2026: 📊 Near 400 target: 405 nodes (405 ready, 0
0 not ready)
Wed Feb 25 12:10:16 PM IST 2026: NODES: Total=405 Ready=405 NotReady=0
0
Wed Feb 25 12:10:16 PM IST 2026: PROGRESS: Added 150/148 additional workers (101.3%)
Wed Feb 25 12:10:16 PM IST 2026: 🚀 MASSIVE SCALE: 405 nodes ready - OCPBUGS-70130 fix dominant\!
bash: line 22: [: too many arguments
Wed Feb 25 12:10:16 PM IST 2026: 📊 Near 400 target: 405 nodes (405 ready, 0
0 not ready)
Wed Feb 25 12:11:04 PM IST 2026: NODES: Total=405 Ready=405 NotReady=0
0
Wed Feb 25 12:11:04 PM IST 2026: PROGRESS: Added 150/148 additional workers (101.3%)
Wed Feb 25 12:11:04 PM IST 2026: 🚀 MASSIVE SCALE: 405 nodes ready - OCPBUGS-70130 fix dominant\!
bash: line 22: [: too many arguments
Wed Feb 25 12:11:04 PM IST 2026: 📊 Near 400 target: 405 nodes (405 ready, 0
0 not ready)
Wed Feb 25 12:11:54 PM IST 2026: NODES: Total=405 Ready=405 NotReady=0
0
Wed Feb 25 12:11:54 PM IST 2026: PROGRESS: Added 150/148 additional workers (101.3%)
Wed Feb 25 12:11:54 PM IST 2026: 🚀 MASSIVE SCALE: 405 nodes ready - OCPBUGS-70130 fix dominant\!
bash: line 22: [: too many arguments
Wed Feb 25 12:11:54 PM IST 2026: 📊 Near 400 target: 405 nodes (405 ready, 0
0 not ready)
Wed Feb 25 12:12:58 PM IST 2026: NODES: Total=405 Ready=405 NotReady=0
0
Wed Feb 25 12:12:58 PM IST 2026: PROGRESS: Added 150/148 additional workers (101.3%)
Wed Feb 25 12:12:58 PM IST 2026: 🚀 MASSIVE SCALE: 405 nodes ready - OCPBUGS-70130 fix dominant\!
bash: line 22: [: too many arguments
Wed Feb 25 12:12:58 PM IST 2026: 📊 Near 400 target: 405 nodes (405 ready, 0
0 not ready)
Wed Feb 25 12:14:02 PM IST 2026: NODES: Total=405 Ready=405 NotReady=0
0
Wed Feb 25 12:14:02 PM IST 2026: PROGRESS: Added 150/148 additional workers (101.3%)
Wed Feb 25 12:14:02 PM IST 2026: 🚀 MASSIVE SCALE: 405 nodes ready - OCPBUGS-70130 fix dominant\!
bash: line 22: [: too many arguments
Wed Feb 25 12:14:02 PM IST 2026: 📊 Near 400 target: 405 nodes (405 ready, 0
0 not ready)
Wed Feb 25 12:14:51 PM IST 2026: NODES: Total=405 Ready=405 NotReady=0
0
Wed Feb 25 12:14:51 PM IST 2026: PROGRESS: Added 150/148 additional workers (101.3%)
Wed Feb 25 12:14:51 PM IST 2026: 🚀 MASSIVE SCALE: 405 nodes ready - OCPBUGS-70130 fix dominant\!
bash: line 22: [: too many arguments
Wed Feb 25 12:14:51 PM IST 2026: 📊 Near 400 target: 405 nodes (405 ready, 0
0 not ready)
Wed Feb 25 12:15:37 PM IST 2026: NODES: Total=405 Ready=403 NotReady=0
0
Wed Feb 25 12:15:37 PM IST 2026: PROGRESS: Added 150/148 additional workers (101.3%)
Wed Feb 25 12:15:37 PM IST 2026: 🚀 MASSIVE SCALE: 403 nodes ready - OCPBUGS-70130 fix dominant\!
bash: line 22: [: too many arguments
Wed Feb 25 12:15:37 PM IST 2026: 📊 Near 400 target: 405 nodes (403 ready, 0
0 not ready)
Wed Feb 25 12:16:20 PM IST 2026: NODES: Total=405 Ready=403 NotReady=0
0
Wed Feb 25 12:16:20 PM IST 2026: PROGRESS: Added 150/148 additional workers (101.3%)
Wed Feb 25 12:16:20 PM IST 2026: 🚀 MASSIVE SCALE: 403 nodes ready - OCPBUGS-70130 fix dominant\!
bash: line 22: [: too many arguments
Wed Feb 25 12:16:20 PM IST 2026: 📊 Near 400 target: 405 nodes (403 ready, 0
0 not ready)
Wed Feb 25 12:17:11 PM IST 2026: NODES: Total=403 Ready=353 NotReady=0
0
Wed Feb 25 12:17:11 PM IST 2026: PROGRESS: Added 148/148 additional workers (100.0%)
Wed Feb 25 12:17:11 PM IST 2026: 🚀 MASSIVE SCALE: 353 nodes ready - OCPBUGS-70130 fix dominant\!
bash: line 22: [: too many arguments
Wed Feb 25 12:17:11 PM IST 2026: 📊 Near 400 target: 403 nodes (353 ready, 0
0 not ready)
Wed Feb 25 12:18:04 PM IST 2026: NODES: Total=385 Ready=334 NotReady=0
0
Wed Feb 25 12:18:04 PM IST 2026: PROGRESS: Added 130/148 additional workers (87.8%)
Wed Feb 25 12:18:04 PM IST 2026: 🚀 MASSIVE SCALE: 334 nodes ready - OCPBUGS-70130 fix dominant\!
Wed Feb 25 12:18:04 PM IST 2026: 📊 Near 400 target: 385 nodes (334 ready, 0
0 not ready)
Wed Feb 25 12:18:47 PM IST 2026: NODES: Total=378 Ready=334 NotReady=2
Wed Feb 25 12:18:47 PM IST 2026: PROGRESS: Added 123/148 additional workers (83.1%)
Wed Feb 25 12:18:47 PM IST 2026: 🚀 MASSIVE SCALE: 334 nodes ready - OCPBUGS-70130 fix dominant\!
Wed Feb 25 12:19:37 PM IST 2026: NODES: Total=371 Ready=335 NotReady=1
Wed Feb 25 12:19:37 PM IST 2026: PROGRESS: Added 116/148 additional workers (78.3%)
Wed Feb 25 12:19:37 PM IST 2026: 🚀 MASSIVE SCALE: 335 nodes ready - OCPBUGS-70130 fix dominant\!
Wed Feb 25 12:20:17 PM IST 2026: NODES: Total=336 Ready=335 NotReady=0
0
Wed Feb 25 12:20:17 PM IST 2026: PROGRESS: Added 81/148 additional workers (54.7%)
Wed Feb 25 12:20:17 PM IST 2026: 🚀 MASSIVE SCALE: 335 nodes ready - OCPBUGS-70130 fix dominant\!
Wed Feb 25 12:20:56 PM IST 2026: NODES: Total=336 Ready=335 NotReady=0
0
Wed Feb 25 12:20:56 PM IST 2026: PROGRESS: Added 81/148 additional workers (54.7%)
Wed Feb 25 12:20:56 PM IST 2026: 🚀 MASSIVE SCALE: 335 nodes ready - OCPBUGS-70130 fix dominant\!
Wed Feb 25 12:21:36 PM IST 2026: NODES: Total=336 Ready=333 NotReady=1
Wed Feb 25 12:21:36 PM IST 2026: PROGRESS: Added 81/148 additional workers (54.7%)
Wed Feb 25 12:21:36 PM IST 2026: 🚀 MASSIVE SCALE: 333 nodes ready - OCPBUGS-70130 fix dominant\!
Wed Feb 25 12:22:16 PM IST 2026: NODES: Total=333 Ready=333 NotReady=0
0
Wed Feb 25 12:22:16 PM IST 2026: PROGRESS: Added 78/148 additional workers (52.7%)
Wed Feb 25 12:22:16 PM IST 2026: 🚀 MASSIVE SCALE: 333 nodes ready - OCPBUGS-70130 fix dominant\!
Wed Feb 25 12:22:59 PM IST 2026: NODES: Total=333 Ready=333 NotReady=0
0
Wed Feb 25 12:22:59 PM IST 2026: PROGRESS: Added 78/148 additional workers (52.7%)
Wed Feb 25 12:22:59 PM IST 2026: 🚀 MASSIVE SCALE: 333 nodes ready - OCPBUGS-70130 fix dominant\!
Wed Feb 25 12:23:39 PM IST 2026: NODES: Total=354 Ready=333 NotReady=23
Wed Feb 25 12:23:39 PM IST 2026: PROGRESS: Added 99/148 additional workers (66.8%)
Wed Feb 25 12:23:39 PM IST 2026: 🚀 MASSIVE SCALE: 333 nodes ready - OCPBUGS-70130 fix dominant\!
Wed Feb 25 12:24:18 PM IST 2026: NODES: Total=365 Ready=338 NotReady=24
Wed Feb 25 12:24:18 PM IST 2026: PROGRESS: Added 110/148 additional workers (74.3%)
Wed Feb 25 12:24:18 PM IST 2026: 🚀 MASSIVE SCALE: 338 nodes ready - OCPBUGS-70130 fix dominant\!
Wed Feb 25 12:25:08 PM IST 2026: NODES: Total=366 Ready=362 NotReady=11
Wed Feb 25 12:25:08 PM IST 2026: PROGRESS: Added 111/148 additional workers (75.0%)
Wed Feb 25 12:25:08 PM IST 2026: 🚀 MASSIVE SCALE: 362 nodes ready - OCPBUGS-70130 fix dominant\!
Wed Feb 25 12:26:04 PM IST 2026: NODES: Total=388 Ready=368 NotReady=24
Wed Feb 25 12:26:04 PM IST 2026: PROGRESS: Added 133/148 additional workers (89.8%)
Wed Feb 25 12:26:04 PM IST 2026: 🚀 MASSIVE SCALE: 368 nodes ready - OCPBUGS-70130 fix dominant\!
Wed Feb 25 12:26:04 PM IST 2026: 📊 Near 400 target: 388 nodes (368 ready, 24 not ready)
Wed Feb 25 12:26:56 PM IST 2026: NODES: Total=402 Ready=390 NotReady=9
Wed Feb 25 12:26:56 PM IST 2026: PROGRESS: Added 147/148 additional workers (99.3%)
Wed Feb 25 12:26:56 PM IST 2026: 🚀 MASSIVE SCALE: 390 nodes ready - OCPBUGS-70130 fix dominant\!
Wed Feb 25 12:26:56 PM IST 2026: 📊 Near 400 target: 402 nodes (390 ready, 9 not ready)
Wed Feb 25 12:27:46 PM IST 2026: NODES: Total=405 Ready=402 NotReady=3
Wed Feb 25 12:27:46 PM IST 2026: PROGRESS: Added 150/148 additional workers (101.3%)
Wed Feb 25 12:27:46 PM IST 2026: 🚀 MASSIVE SCALE: 402 nodes ready - OCPBUGS-70130 fix dominant\!
Wed Feb 25 12:27:46 PM IST 2026: 📊 Near 400 target: 405 nodes (402 ready, 3 not ready)
Wed Feb 25 12:28:35 PM IST 2026: NODES: Total=405 Ready=405 NotReady=0
0
Wed Feb 25 12:28:35 PM IST 2026: PROGRESS: Added 150/148 additional workers (101.3%)
Wed Feb 25 12:28:35 PM IST 2026: 🚀 MASSIVE SCALE: 405 nodes ready - OCPBUGS-70130 fix dominant\!
bash: line 22: [: too many arguments
Wed Feb 25 12:28:35 PM IST 2026: 📊 Near 400 target: 405 nodes (405 ready, 0
0 not ready)
Wed Feb 25 12:29:20 PM IST 2026: NODES: Total=405 Ready=405 NotReady=0
0
Wed Feb 25 12:29:20 PM IST 2026: PROGRESS: Added 150/148 additional workers (101.3%)
Wed Feb 25 12:29:20 PM IST 2026: 🚀 MASSIVE SCALE: 405 nodes ready - OCPBUGS-70130 fix dominant\!
bash: line 22: [: too many arguments
Wed Feb 25 12:29:20 PM IST 2026: 📊 Near 400 target: 405 nodes (405 ready, 0
0 not ready)
Wed Feb 25 12:29:59 PM IST 2026: NODES: Total=405 Ready=405 NotReady=0
0
Wed Feb 25 12:29:59 PM IST 2026: PROGRESS: Added 150/148 additional workers (101.3%)
Wed Feb 25 12:29:59 PM IST 2026: 🚀 MASSIVE SCALE: 405 nodes ready - OCPBUGS-70130 fix dominant\!
bash: line 22: [: too many arguments
Wed Feb 25 12:29:59 PM IST 2026: 📊 Near 400 target: 405 nodes (405 ready, 0
0 not ready)
Wed Feb 25 12:30:47 PM IST 2026: NODES: Total=405 Ready=405 NotReady=0
0
Wed Feb 25 12:30:47 PM IST 2026: PROGRESS: Added 150/148 additional workers (101.3%)
Wed Feb 25 12:30:47 PM IST 2026: 🚀 MASSIVE SCALE: 405 nodes ready - OCPBUGS-70130 fix dominant\!
bash: line 22: [: too many arguments
Wed Feb 25 12:30:47 PM IST 2026: 📊 Near 400 target: 405 nodes (405 ready, 0
0 not ready)
Wed Feb 25 12:31:27 PM IST 2026: NODES: Total=405 Ready=405 NotReady=0
0
Wed Feb 25 12:31:27 PM IST 2026: PROGRESS: Added 150/148 additional workers (101.3%)
Wed Feb 25 12:31:27 PM IST 2026: 🚀 MASSIVE SCALE: 405 nodes ready - OCPBUGS-70130 fix dominant\!
bash: line 22: [: too many arguments
Wed Feb 25 12:31:27 PM IST 2026: 📊 Near 400 target: 405 nodes (405 ready, 0
0 not ready)
Wed Feb 25 12:32:12 PM IST 2026: NODES: Total=405 Ready=405 NotReady=0
0
Wed Feb 25 12:32:12 PM IST 2026: PROGRESS: Added 150/148 additional workers (101.3%)
Wed Feb 25 12:32:12 PM IST 2026: 🚀 MASSIVE SCALE: 405 nodes ready - OCPBUGS-70130 fix dominant\!
bash: line 22: [: too many arguments
Wed Feb 25 12:32:12 PM IST 2026: 📊 Near 400 target: 405 nodes (405 ready, 0
0 not ready)
Wed Feb 25 12:33:03 PM IST 2026: NODES: Total=405 Ready=405 NotReady=0
0
Wed Feb 25 12:33:03 PM IST 2026: PROGRESS: Added 150/148 additional workers (101.3%)
Wed Feb 25 12:33:03 PM IST 2026: 🚀 MASSIVE SCALE: 405 nodes ready - OCPBUGS-70130 fix dominant\!
bash: line 22: [: too many arguments
Wed Feb 25 12:33:03 PM IST 2026: 📊 Near 400 target: 405 nodes (405 ready, 0
0 not ready)
Wed Feb 25 12:33:49 PM IST 2026: NODES: Total=405 Ready=405 NotReady=0
0
Wed Feb 25 12:33:49 PM IST 2026: PROGRESS: Added 150/148 additional workers (101.3%)
Wed Feb 25 12:33:49 PM IST 2026: 🚀 MASSIVE SCALE: 405 nodes ready - OCPBUGS-70130 fix dominant\!
bash: line 22: [: too many arguments
Wed Feb 25 12:33:49 PM IST 2026: 📊 Near 400 target: 405 nodes (405 ready, 0
0 not ready)
Wed Feb 25 12:34:30 PM IST 2026: NODES: Total=405 Ready=405 NotReady=0
0
Wed Feb 25 12:34:30 PM IST 2026: PROGRESS: Added 150/148 additional workers (101.3%)
Wed Feb 25 12:34:30 PM IST 2026: 🚀 MASSIVE SCALE: 405 nodes ready - OCPBUGS-70130 fix dominant\!
bash: line 22: [: too many arguments
Wed Feb 25 12:34:30 PM IST 2026: 📊 Near 400 target: 405 nodes (405 ready, 0
0 not ready)
Wed Feb 25 12:35:19 PM IST 2026: NODES: Total=405 Ready=405 NotReady=0
0
Wed Feb 25 12:35:19 PM IST 2026: PROGRESS: Added 150/148 additional workers (101.3%)
Wed Feb 25 12:35:19 PM IST 2026: 🚀 MASSIVE SCALE: 405 nodes ready - OCPBUGS-70130 fix dominant\!
bash: line 22: [: too many arguments
Wed Feb 25 12:35:19 PM IST 2026: 📊 Near 400 target: 405 nodes (405 ready, 0
0 not ready)
Wed Feb 25 12:35:58 PM IST 2026: NODES: Total=405 Ready=405 NotReady=0
0
Wed Feb 25 12:35:58 PM IST 2026: PROGRESS: Added 150/148 additional workers (101.3%)
Wed Feb 25 12:35:58 PM IST 2026: 🚀 MASSIVE SCALE: 405 nodes ready - OCPBUGS-70130 fix dominant\!
bash: line 22: [: too many arguments
Wed Feb 25 12:35:58 PM IST 2026: 📊 Near 400 target: 405 nodes (405 ready, 0
0 not ready)
Wed Feb 25 12:36:44 PM IST 2026: NODES: Total=405 Ready=405 NotReady=0
0
Wed Feb 25 12:36:44 PM IST 2026: PROGRESS: Added 150/148 additional workers (101.3%)
Wed Feb 25 12:36:44 PM IST 2026: 🚀 MASSIVE SCALE: 405 nodes ready - OCPBUGS-70130 fix dominant\!
bash: line 22: [: too many arguments
Wed Feb 25 12:36:44 PM IST 2026: 📊 Near 400 target: 405 nodes (405 ready, 0
0 not ready)
Wed Feb 25 12:37:26 PM IST 2026: NODES: Total=405 Ready=405 NotReady=0
0
Wed Feb 25 12:37:26 PM IST 2026: PROGRESS: Added 150/148 additional workers (101.3%)
Wed Feb 25 12:37:26 PM IST 2026: 🚀 MASSIVE SCALE: 405 nodes ready - OCPBUGS-70130 fix dominant\!
bash: line 22: [: too many arguments
Wed Feb 25 12:37:26 PM IST 2026: 📊 Near 400 target: 405 nodes (405 ready, 0
0 not ready)
Wed Feb 25 12:38:17 PM IST 2026: NODES: Total=405 Ready=405 NotReady=0
0
Wed Feb 25 12:38:17 PM IST 2026: PROGRESS: Added 150/148 additional workers (101.3%)
Wed Feb 25 12:38:17 PM IST 2026: 🚀 MASSIVE SCALE: 405 nodes ready - OCPBUGS-70130 fix dominant\!
bash: line 22: [: too many arguments
Wed Feb 25 12:38:17 PM IST 2026: 📊 Near 400 target: 405 nodes (405 ready, 0
0 not ready)
Wed Feb 25 12:38:56 PM IST 2026: NODES: Total=405 Ready=405 NotReady=0
0
Wed Feb 25 12:38:56 PM IST 2026: PROGRESS: Added 150/148 additional workers (101.3%)
Wed Feb 25 12:38:56 PM IST 2026: 🚀 MASSIVE SCALE: 405 nodes ready - OCPBUGS-70130 fix dominant\!
bash: line 22: [: too many arguments
Wed Feb 25 12:38:56 PM IST 2026: 📊 Near 400 target: 405 nodes (405 ready, 0
0 not ready)
Wed Feb 25 12:39:38 PM IST 2026: NODES: Total=405 Ready=405 NotReady=0
0
Wed Feb 25 12:39:38 PM IST 2026: PROGRESS: Added 150/148 additional workers (101.3%)
Wed Feb 25 12:39:38 PM IST 2026: 🚀 MASSIVE SCALE: 405 nodes ready - OCPBUGS-70130 fix dominant\!
bash: line 22: [: too many arguments
Wed Feb 25 12:39:38 PM IST 2026: 📊 Near 400 target: 405 nodes (405 ready, 0
0 not ready)
Wed Feb 25 12:40:17 PM IST 2026: NODES: Total=405 Ready=404 NotReady=0
0
Wed Feb 25 12:40:17 PM IST 2026: PROGRESS: Added 150/148 additional workers (101.3%)
Wed Feb 25 12:40:17 PM IST 2026: 🚀 MASSIVE SCALE: 404 nodes ready - OCPBUGS-70130 fix dominant\!
bash: line 22: [: too many arguments
Wed Feb 25 12:40:17 PM IST 2026: 📊 Near 400 target: 405 nodes (404 ready, 0
0 not ready)
Wed Feb 25 12:41:08 PM IST 2026: NODES: Total=405 Ready=402 NotReady=0
0
Wed Feb 25 12:41:08 PM IST 2026: PROGRESS: Added 150/148 additional workers (101.3%)
Wed Feb 25 12:41:08 PM IST 2026: 🚀 MASSIVE SCALE: 402 nodes ready - OCPBUGS-70130 fix dominant\!
bash: line 22: [: too many arguments
Wed Feb 25 12:41:08 PM IST 2026: 📊 Near 400 target: 405 nodes (402 ready, 0
0 not ready)
