************ assisted ofcir setup command ************
executing packet-conf.sh...
ip-172-31-7-218.us-east-2.compute.internal
[WARNING]: provided hosts list is empty, only localhost is available. Note that
the implicit localhost does not match 'all'
[WARNING]: Collection community.general does not support Ansible version 2.14.2

PLAY [Prepare locally] *********************************************************

TASK [Check if ansible inventory exists] ***************************************
ok: [localhost]

TASK [Create default ansible inventory] ****************************************
changed: [localhost]

TASK [Create ssh config file] **************************************************
changed: [localhost]

TASK [Create ansible configuration] ********************************************
changed: [localhost]

PLAY RECAP *********************************************************************
localhost                  : ok=4    changed=3    unreachable=0    failed=0    skipped=0    rescued=0    ignored=0   

[WARNING]: Collection ansible.posix does not support Ansible version 2.14.2
ansible-playbook [core 2.14.2]
  config file = /tmp/secret/ansible.cfg
  configured module search path = ['/output/.ansible/plugins/modules', '/usr/share/ansible/plugins/modules']
  ansible python module location = /usr/lib/python3.9/site-packages/ansible
  ansible collection location = /output/.ansible/collections:/usr/share/ansible/collections
  executable location = /usr/bin/ansible-playbook
  python version = 3.9.21 (main, Aug 19 2025, 00:00:00) [GCC 11.5.0 20240719 (Red Hat 11.5.0-5)] (/usr/bin/python3)
  jinja version = 3.1.3
  libyaml = True
Using /tmp/secret/ansible.cfg as config file
redirecting (type: modules) ansible.builtin.mount to ansible.posix.mount
redirecting (type: callback) ansible.builtin.profile_tasks to ansible.posix.profile_tasks
Skipping callback 'default', as we already have a stdout callback.
Skipping callback 'minimal', as we already have a stdout callback.
Skipping callback 'oneline', as we already have a stdout callback.

PLAYBOOK: ensure-memory.yaml ***************************************************
2 plays in ensure-memory.yaml

PLAY [Make sure inventory contains at least one host] **************************

TASK [Gathering Facts] *********************************************************
task path: /go/src/github.com/openshift-metal3/dev-scripts/build/ansible/ensure-memory.yaml:1
Thursday 30 April 2026  12:14:40 +0000 (0:00:00.027)       0:00:00.027 ******** 
ok: [localhost]

TASK [Fail if inventory is empty] **********************************************
task path: /go/src/github.com/openshift-metal3/dev-scripts/build/ansible/ensure-memory.yaml:4
Thursday 30 April 2026  12:14:42 +0000 (0:00:01.782)       0:00:01.810 ******** 
skipping: [localhost] => {"changed": false, "skip_reason": "Conditional result was False"}

PLAY [Ensure minimum total memory (RAM + swap)] ********************************

TASK [Gathering Facts] *********************************************************
task path: /go/src/github.com/openshift-metal3/dev-scripts/build/ansible/ensure-memory.yaml:9
Thursday 30 April 2026  12:14:42 +0000 (0:00:00.147)       0:00:01.958 ******** 
ok: [primary-18.119.128.68]

TASK [Determine mount with most available space] *******************************
task path: /go/src/github.com/openshift-metal3/dev-scripts/build/ansible/ensure-memory.yaml:18
Thursday 30 April 2026  12:14:44 +0000 (0:00:01.268)       0:00:03.226 ******** 
ok: [primary-18.119.128.68] => {"ansible_facts": {"target_mount": {"block_available": 266004768, "block_size": 4096, "block_total": 268136699, "block_used": 2131931, "device": "/dev/nvme0n1p4", "fstype": "xfs", "inode_available": 536271413, "inode_total": 536306160, "inode_used": 34747, "mount": "/", "options": "rw,seclabel,relatime,attr2,inode64,logbufs=8,logbsize=32k,noquota", "size_available": 1089555529728, "size_total": 1098287919104, "uuid": "52ed443e-bcb6-4b82-be88-1526cd4bb5b7"}}, "changed": false}

TASK [Set swapfile_path on largest filesystem] *********************************
task path: /go/src/github.com/openshift-metal3/dev-scripts/build/ansible/ensure-memory.yaml:22
Thursday 30 April 2026  12:14:44 +0000 (0:00:00.056)       0:00:03.282 ******** 
ok: [primary-18.119.128.68] => {"ansible_facts": {"swapfile_path": "/swapfile-ci"}, "changed": false}

TASK [Debug chosen mount and swapfile path] ************************************
task path: /go/src/github.com/openshift-metal3/dev-scripts/build/ansible/ensure-memory.yaml:26
Thursday 30 April 2026  12:14:44 +0000 (0:00:00.045)       0:00:03.328 ******** 
ok: [primary-18.119.128.68] => {
    "msg": [
        "Using mount point / with 1014.73 GB free",
        "Swapfile will be created at /swapfile-ci"
    ]
}

TASK [Check for fallocate binary] **********************************************
task path: /go/src/github.com/openshift-metal3/dev-scripts/build/ansible/ensure-memory.yaml:32
Thursday 30 April 2026  12:14:44 +0000 (0:00:00.040)       0:00:03.369 ******** 
ok: [primary-18.119.128.68] => {"changed": false, "stat": {"atime": 1748667159.741765, "attr_flags": "", "attributes": [], "block_size": 4096, "blocks": 48, "charset": "binary", "checksum": "d8d7bef1b25c2997651edb8e42aeac97ca14704e", "ctime": 1748667159.741765, "dev": 66308, "device_type": 0, "executable": true, "exists": true, "gid": 0, "gr_name": "root", "inode": 16923877, "isblk": false, "ischr": false, "isdir": false, "isfifo": false, "isgid": false, "islnk": false, "isreg": true, "issock": false, "isuid": false, "mimetype": "application/x-pie-executable", "mode": "0755", "mtime": 1746253763.0, "nlink": 1, "path": "/usr/bin/fallocate", "pw_name": "root", "readable": true, "rgrp": true, "roth": true, "rusr": true, "size": 23760, "uid": 0, "version": "121644035", "wgrp": false, "woth": false, "writeable": true, "wusr": true, "xgrp": true, "xoth": true, "xusr": true}}

TASK [Compute memory facts] ****************************************************
task path: /go/src/github.com/openshift-metal3/dev-scripts/build/ansible/ensure-memory.yaml:37
Thursday 30 April 2026  12:14:44 +0000 (0:00:00.508)       0:00:03.878 ******** 
ok: [primary-18.119.128.68] => {"ansible_facts": {"mem_total_mb": "192528", "swap_total_mb": "0"}, "changed": false}

TASK [Calculate needed swap] ***************************************************
task path: /go/src/github.com/openshift-metal3/dev-scripts/build/ansible/ensure-memory.yaml:42
Thursday 30 April 2026  12:14:44 +0000 (0:00:00.046)       0:00:03.925 ******** 
ok: [primary-18.119.128.68] => {"ansible_facts": {"needed_mb": "69616"}, "changed": false}

TASK [Skip tasks if no additional swap needed] *********************************
task path: /go/src/github.com/openshift-metal3/dev-scripts/build/ansible/ensure-memory.yaml:46
Thursday 30 April 2026  12:14:44 +0000 (0:00:00.072)       0:00:03.998 ******** 
skipping: [primary-18.119.128.68] => {}

TASK [Create swap file using fallocate] ****************************************
task path: /go/src/github.com/openshift-metal3/dev-scripts/build/ansible/ensure-memory.yaml:51
Thursday 30 April 2026  12:14:45 +0000 (0:00:00.044)       0:00:04.042 ******** 
changed: [primary-18.119.128.68] => {"changed": true, "cmd": ["fallocate", "-l", "69616M", "/swapfile-ci"], "delta": "0:00:00.066194", "end": "2026-04-30 12:14:45.546181", "msg": "", "rc": 0, "start": "2026-04-30 12:14:45.479987", "stderr": "", "stderr_lines": [], "stdout": "", "stdout_lines": []}

TASK [Create swap file using dd fallback] **************************************
task path: /go/src/github.com/openshift-metal3/dev-scripts/build/ansible/ensure-memory.yaml:57
Thursday 30 April 2026  12:14:45 +0000 (0:00:00.604)       0:00:04.646 ******** 
skipping: [primary-18.119.128.68] => {"changed": false, "skip_reason": "Conditional result was False"}

TASK [Secure swap file permissions] ********************************************
task path: /go/src/github.com/openshift-metal3/dev-scripts/build/ansible/ensure-memory.yaml:63
Thursday 30 April 2026  12:14:45 +0000 (0:00:00.045)       0:00:04.692 ******** 
changed: [primary-18.119.128.68] => {"changed": true, "gid": 0, "group": "root", "mode": "0600", "owner": "root", "path": "/swapfile-ci", "secontext": "unconfined_u:object_r:etc_runtime_t:s0", "size": 72997666816, "state": "file", "uid": 0}

TASK [Format the swap file] ****************************************************
task path: /go/src/github.com/openshift-metal3/dev-scripts/build/ansible/ensure-memory.yaml:71
Thursday 30 April 2026  12:14:46 +0000 (0:00:00.553)       0:00:05.245 ******** 
changed: [primary-18.119.128.68] => {"changed": true, "cmd": ["mkswap", "/swapfile-ci"], "delta": "0:00:00.009006", "end": "2026-04-30 12:14:46.563927", "msg": "", "rc": 0, "start": "2026-04-30 12:14:46.554921", "stderr": "", "stderr_lines": [], "stdout": "Setting up swapspace version 1, size = 68 GiB (72997662720 bytes)\nno label, UUID=862cc37e-672e-4a24-8816-6ff3eee7a9f4", "stdout_lines": ["Setting up swapspace version 1, size = 68 GiB (72997662720 bytes)", "no label, UUID=862cc37e-672e-4a24-8816-6ff3eee7a9f4"]}

TASK [Activate the swap file] **************************************************
task path: /go/src/github.com/openshift-metal3/dev-scripts/build/ansible/ensure-memory.yaml:75
Thursday 30 April 2026  12:14:46 +0000 (0:00:00.418)       0:00:05.664 ******** 
changed: [primary-18.119.128.68] => {"changed": true, "cmd": ["swapon", "/swapfile-ci"], "delta": "0:00:00.021662", "end": "2026-04-30 12:14:46.990401", "msg": "", "rc": 0, "start": "2026-04-30 12:14:46.968739", "stderr": "", "stderr_lines": [], "stdout": "", "stdout_lines": []}

TASK [Ensure swap file entry in fstab] *****************************************
task path: /go/src/github.com/openshift-metal3/dev-scripts/build/ansible/ensure-memory.yaml:79
Thursday 30 April 2026  12:14:47 +0000 (0:00:00.426)       0:00:06.090 ******** 
redirecting (type: modules) ansible.builtin.mount to ansible.posix.mount
redirecting (type: modules) ansible.builtin.mount to ansible.posix.mount
changed: [primary-18.119.128.68] => {"backup_file": "", "boot": "yes", "changed": true, "dump": "0", "fstab": "/etc/fstab", "fstype": "swap", "name": "none", "opts": "sw", "passno": "0", "src": "/swapfile-ci"}

TASK [Display final memory, swap, filesystem uand block device layout] *********
task path: /go/src/github.com/openshift-metal3/dev-scripts/build/ansible/ensure-memory.yaml:90
Thursday 30 April 2026  12:14:47 +0000 (0:00:00.510)       0:00:06.601 ******** 
ok: [primary-18.119.128.68] => {"changed": false, "cmd": "echo '=== Memory & Swap Usage ==='\nfree -h | column -t\necho\necho '=== Filesystem Usage ==='\ndf -h --output=source,size,used,avail,pcent,target | column -t\necho '=== Block Device Layout ==='\nlsblk -o NAME,SIZE,TYPE,FSTYPE,MOUNTPOINT | column -t\n", "delta": "0:00:00.011697", "end": "2026-04-30 12:14:47.898721", "msg": "", "rc": 0, "start": "2026-04-30 12:14:47.887024", "stderr": "", "stderr_lines": [], "stdout": "=== Memory & Swap Usage ===\ntotal  used   free   shared  buff/cache  available  \nMem:   188Gi  2.3Gi  186Gi   10Mi        305Mi      185Gi\nSwap:  67Gi   0B     67Gi                           \n\n=== Filesystem Usage ===\nFilesystem      Size   Used  Avail  Use%  Mounted      on\ndevtmpfs        4.0M   0     4.0M   0%    /dev         \ntmpfs           95G    0     95G    0%    /dev/shm     \ntmpfs           38G    11M   38G    1%    /run         \n/dev/nvme0n1p4  1023G  77G   947G   8%    /            \n/dev/nvme0n1p3  936M   263M  674M   28%   /boot        \n/dev/nvme0n1p2  100M   11M   90M    11%   /efi         \ntmpfs           19G    0     19G    0%    /run/user/0  \n=== Block Device Layout ===\nNAME         SIZE     TYPE  FSTYPE  MOUNTPOINT\nnvme0n1      1T       disk          \n├─nvme0n1p1  2M       part          \n├─nvme0n1p2  100M     part  vfat    /efi\n├─nvme0n1p3  1000M    part  xfs     /boot\n└─nvme0n1p4  1022.9G  part  xfs     /", "stdout_lines": ["=== Memory & Swap Usage ===", "total  used   free   shared  buff/cache  available  ", "Mem:   188Gi  2.3Gi  186Gi   10Mi        305Mi      185Gi", "Swap:  67Gi   0B     67Gi                           ", "", "=== Filesystem Usage ===", "Filesystem      Size   Used  Avail  Use%  Mounted      on", "devtmpfs        4.0M   0     4.0M   0%    /dev         ", "tmpfs           95G    0     95G    0%    /dev/shm     ", "tmpfs           38G    11M   38G    1%    /run         ", "/dev/nvme0n1p4  1023G  77G   947G   8%    /            ", "/dev/nvme0n1p3  936M   263M  674M   28%   /boot        ", "/dev/nvme0n1p2  100M   11M   90M    11%   /efi         ", "tmpfs           19G    0     19G    0%    /run/user/0  ", "=== Block Device Layout ===", "NAME         SIZE     TYPE  FSTYPE  MOUNTPOINT", "nvme0n1      1T       disk          ", "├─nvme0n1p1  2M       part          ", "├─nvme0n1p2  100M     part  vfat    /efi", "├─nvme0n1p3  1000M    part  xfs     /boot", "└─nvme0n1p4  1022.9G  part  xfs     /"]}

TASK [Show final summary] ******************************************************
task path: /go/src/github.com/openshift-metal3/dev-scripts/build/ansible/ensure-memory.yaml:102
Thursday 30 April 2026  12:14:47 +0000 (0:00:00.398)       0:00:07.000 ******** 
ok: [primary-18.119.128.68] => {
    "final_mem_info.stdout_lines": [
        "=== Memory & Swap Usage ===",
        "total  used   free   shared  buff/cache  available  ",
        "Mem:   188Gi  2.3Gi  186Gi   10Mi        305Mi      185Gi",
        "Swap:  67Gi   0B     67Gi                           ",
        "",
        "=== Filesystem Usage ===",
        "Filesystem      Size   Used  Avail  Use%  Mounted      on",
        "devtmpfs        4.0M   0     4.0M   0%    /dev         ",
        "tmpfs           95G    0     95G    0%    /dev/shm     ",
        "tmpfs           38G    11M   38G    1%    /run         ",
        "/dev/nvme0n1p4  1023G  77G   947G   8%    /            ",
        "/dev/nvme0n1p3  936M   263M  674M   28%   /boot        ",
        "/dev/nvme0n1p2  100M   11M   90M    11%   /efi         ",
        "tmpfs           19G    0     19G    0%    /run/user/0  ",
        "=== Block Device Layout ===",
        "NAME         SIZE     TYPE  FSTYPE  MOUNTPOINT",
        "nvme0n1      1T       disk          ",
        "├─nvme0n1p1  2M       part          ",
        "├─nvme0n1p2  100M     part  vfat    /efi",
        "├─nvme0n1p3  1000M    part  xfs     /boot",
        "└─nvme0n1p4  1022.9G  part  xfs     /"
    ]
}

PLAY RECAP *********************************************************************
localhost                  : ok=1    changed=0    unreachable=0    failed=0    skipped=1    rescued=0    ignored=0   
primary-18.119.128.68      : ok=14   changed=5    unreachable=0    failed=0    skipped=2    rescued=0    ignored=0   


TASKS RECAP ********************************************************************
Thursday 30 April 2026  12:14:48 +0000 (0:00:00.043)       0:00:07.043 ******** 
=============================================================================== 
Gathering Facts --------------------------------------------------------- 1.78s
/go/src/github.com/openshift-metal3/dev-scripts/build/ansible/ensure-memory.yaml:1 
Gathering Facts --------------------------------------------------------- 1.27s
/go/src/github.com/openshift-metal3/dev-scripts/build/ansible/ensure-memory.yaml:9 
Create swap file using fallocate ---------------------------------------- 0.60s
/go/src/github.com/openshift-metal3/dev-scripts/build/ansible/ensure-memory.yaml:51 
Secure swap file permissions -------------------------------------------- 0.55s
/go/src/github.com/openshift-metal3/dev-scripts/build/ansible/ensure-memory.yaml:63 
Ensure swap file entry in fstab ----------------------------------------- 0.51s
/go/src/github.com/openshift-metal3/dev-scripts/build/ansible/ensure-memory.yaml:79 
Check for fallocate binary ---------------------------------------------- 0.51s
/go/src/github.com/openshift-metal3/dev-scripts/build/ansible/ensure-memory.yaml:32 
Activate the swap file -------------------------------------------------- 0.43s
/go/src/github.com/openshift-metal3/dev-scripts/build/ansible/ensure-memory.yaml:75 
Format the swap file ---------------------------------------------------- 0.42s
/go/src/github.com/openshift-metal3/dev-scripts/build/ansible/ensure-memory.yaml:71 
Display final memory, swap, filesystem uand block device layout --------- 0.40s
/go/src/github.com/openshift-metal3/dev-scripts/build/ansible/ensure-memory.yaml:90 
Fail if inventory is empty ---------------------------------------------- 0.15s
/go/src/github.com/openshift-metal3/dev-scripts/build/ansible/ensure-memory.yaml:4 
Calculate needed swap --------------------------------------------------- 0.07s
/go/src/github.com/openshift-metal3/dev-scripts/build/ansible/ensure-memory.yaml:42 
Determine mount with most available space ------------------------------- 0.06s
/go/src/github.com/openshift-metal3/dev-scripts/build/ansible/ensure-memory.yaml:18 
Compute memory facts ---------------------------------------------------- 0.05s
/go/src/github.com/openshift-metal3/dev-scripts/build/ansible/ensure-memory.yaml:37 
Set swapfile_path on largest filesystem --------------------------------- 0.05s
/go/src/github.com/openshift-metal3/dev-scripts/build/ansible/ensure-memory.yaml:22 
Create swap file using dd fallback -------------------------------------- 0.05s
/go/src/github.com/openshift-metal3/dev-scripts/build/ansible/ensure-memory.yaml:57 
Skip tasks if no additional swap needed --------------------------------- 0.04s
/go/src/github.com/openshift-metal3/dev-scripts/build/ansible/ensure-memory.yaml:46 
Show final summary ------------------------------------------------------ 0.04s
/go/src/github.com/openshift-metal3/dev-scripts/build/ansible/ensure-memory.yaml:102 
Debug chosen mount and swapfile path ------------------------------------ 0.04s
/go/src/github.com/openshift-metal3/dev-scripts/build/ansible/ensure-memory.yaml:26 
[WARNING]: Collection community.general does not support Ansible version 2.14.2
[WARNING]: Collection ansible.posix does not support Ansible version 2.14.2
ansible-playbook [core 2.14.2]
  config file = /tmp/secret/ansible.cfg
  configured module search path = ['/output/.ansible/plugins/modules', '/usr/share/ansible/plugins/modules']
  ansible python module location = /usr/lib/python3.9/site-packages/ansible
  ansible collection location = /output/.ansible/collections:/usr/share/ansible/collections
  executable location = /usr/bin/ansible-playbook
  python version = 3.9.21 (main, Aug 19 2025, 00:00:00) [GCC 11.5.0 20240719 (Red Hat 11.5.0-5)] (/usr/bin/python3)
  jinja version = 3.1.3
  libyaml = True
Using /tmp/secret/ansible.cfg as config file
redirecting (type: modules) ansible.builtin.ini_file to community.general.ini_file
redirecting (type: callback) ansible.builtin.profile_tasks to ansible.posix.profile_tasks
Skipping callback 'default', as we already have a stdout callback.
Skipping callback 'minimal', as we already have a stdout callback.
Skipping callback 'oneline', as we already have a stdout callback.

PLAYBOOK: ensure-network-manager-dns-servers.yaml ******************************
2 plays in ensure-network-manager-dns-servers.yaml

PLAY [Make sure inventory contains at least one host] **************************

TASK [Gathering Facts] *********************************************************
task path: /go/src/github.com/openshift-metal3/dev-scripts/build/ansible/ensure-network-manager-dns-servers.yaml:1
Thursday 30 April 2026  12:14:48 +0000 (0:00:00.010)       0:00:00.010 ******** 
ok: [localhost]

TASK [Fail if inventory is empty] **********************************************
task path: /go/src/github.com/openshift-metal3/dev-scripts/build/ansible/ensure-network-manager-dns-servers.yaml:4
Thursday 30 April 2026  12:14:49 +0000 (0:00:00.869)       0:00:00.880 ******** 
skipping: [localhost] => {"changed": false, "skip_reason": "Conditional result was False"}

PLAY [Configure NetworkManager DNS servers] ************************************

TASK [Extract DNS servers from /etc/resolv.conf] *******************************
task path: /go/src/github.com/openshift-metal3/dev-scripts/build/ansible/ensure-network-manager-dns-servers.yaml:13
Thursday 30 April 2026  12:14:49 +0000 (0:00:00.058)       0:00:00.938 ******** 
ok: [primary-18.119.128.68] => {"ansible_facts": {"discovered_interpreter_python": "/usr/bin/python3"}, "changed": false, "cmd": "awk '/^nameserver/ {print $2}' /etc/resolv.conf | paste -sd \",\" -\n", "delta": "0:00:00.005427", "end": "2026-04-30 12:14:50.008599", "msg": "", "rc": 0, "start": "2026-04-30 12:14:50.003172", "stderr": "", "stderr_lines": [], "stdout": "172.31.0.2", "stdout_lines": ["172.31.0.2"]}

TASK [Configure NetworkManager to use those DNS servers] ***********************
task path: /go/src/github.com/openshift-metal3/dev-scripts/build/ansible/ensure-network-manager-dns-servers.yaml:19
Thursday 30 April 2026  12:14:50 +0000 (0:00:00.602)       0:00:01.541 ******** 
redirecting (type: modules) ansible.builtin.ini_file to community.general.ini_file
redirecting (type: modules) ansible.builtin.ini_file to community.general.ini_file
changed: [primary-18.119.128.68] => {"changed": true, "gid": 0, "group": "root", "mode": "0644", "msg": "section and option added", "owner": "root", "path": "/etc/NetworkManager/conf.d/dns-servers.conf", "secontext": "system_u:object_r:NetworkManager_etc_t:s0", "size": 44, "state": "file", "uid": 0}

TASK [Reload NetworkManager to pick up new DNS settings] ***********************
task path: /go/src/github.com/openshift-metal3/dev-scripts/build/ansible/ensure-network-manager-dns-servers.yaml:27
Thursday 30 April 2026  12:14:50 +0000 (0:00:00.518)       0:00:02.060 ******** 
changed: [primary-18.119.128.68] => {"changed": true, "name": "NetworkManager", "state": "started", "status": {"AccessSELinuxContext": "system_u:object_r:NetworkManager_unit_file_t:s0", "ActiveEnterTimestamp": "Thu 2026-04-30 12:13:53 UTC", "ActiveEnterTimestampMonotonic": "8720486", "ActiveExitTimestampMonotonic": "0", "ActiveState": "active", "After": "systemd-journald.socket basic.target dbus.socket system.slice dbus-broker.service sysinit.target network-pre.target", "AllowIsolate": "no", "AssertResult": "yes", "AssertTimestamp": "Thu 2026-04-30 12:13:53 UTC", "AssertTimestampMonotonic": "8585153", "Before": "cloud-init.service multi-user.target shutdown.target network.target NetworkManager-wait-online.service network.service", "BindsTo": "dbus-broker.service", "BlockIOAccounting": "no", "BlockIOWeight": "[not set]", "BusName": "org.freedesktop.NetworkManager", "CPUAccounting": "yes", "CPUAffinityFromNUMA": "no", "CPUQuotaPerSecUSec": "infinity", "CPUQuotaPeriodUSec": "infinity", "CPUSchedulingPolicy": "0", "CPUSchedulingPriority": "0", "CPUSchedulingResetOnFork": "no", "CPUShares": "[not set]", "CPUUsageNSec": "69736000", "CPUWeight": "[not set]", "CacheDirectoryMode": "0755", "CanFreeze": "yes", "CanIsolate": "no", "CanReload": "yes", "CanStart": "yes", "CanStop": "yes", "CapabilityBoundingSet": "cap_dac_override cap_kill cap_setgid cap_setuid cap_net_bind_service cap_net_admin cap_net_raw cap_sys_module cap_sys_chroot cap_audit_write", "CleanResult": "success", "CollectMode": "inactive", "ConditionResult": "yes", "ConditionTimestamp": "Thu 2026-04-30 12:13:53 UTC", "ConditionTimestampMonotonic": "8585147", "ConfigurationDirectoryMode": "0755", "Conflicts": "shutdown.target", "ControlGroup": "/system.slice/NetworkManager.service", "ControlGroupId": "3094", "ControlPID": "0", "CoredumpFilter": "0x33", "DefaultDependencies": "yes", "DefaultMemoryLow": "0", "DefaultMemoryMin": "0", "Delegate": "no", "Description": "Network Manager", "DevicePolicy": "auto", "Documentation": "\"man:NetworkManager(8)\"", "DynamicUser": "no", "ExecMainCode": "0", "ExecMainExitTimestampMonotonic": "0", "ExecMainPID": "1886", "ExecMainStartTimestamp": "Thu 2026-04-30 12:13:53 UTC", "ExecMainStartTimestampMonotonic": "8598232", "ExecMainStatus": "0", "ExecReload": "{ path=/usr/bin/busctl ; argv[]=/usr/bin/busctl call org.freedesktop.NetworkManager /org/freedesktop/NetworkManager org.freedesktop.NetworkManager Reload u 0 ; ignore_errors=no ; start_time=[n/a] ; stop_time=[n/a] ; pid=0 ; code=(null) ; status=0/0 }", "ExecReloadEx": "{ path=/usr/bin/busctl ; argv[]=/usr/bin/busctl call org.freedesktop.NetworkManager /org/freedesktop/NetworkManager org.freedesktop.NetworkManager Reload u 0 ; flags= ; start_time=[n/a] ; stop_time=[n/a] ; pid=0 ; code=(null) ; status=0/0 }", "ExecStart": "{ path=/usr/sbin/NetworkManager ; argv[]=/usr/sbin/NetworkManager --no-daemon ; ignore_errors=no ; start_time=[Thu 2026-04-30 12:13:53 UTC] ; stop_time=[n/a] ; pid=1886 ; code=(null) ; status=0/0 }", "ExecStartEx": "{ path=/usr/sbin/NetworkManager ; argv[]=/usr/sbin/NetworkManager --no-daemon ; flags= ; start_time=[Thu 2026-04-30 12:13:53 UTC] ; stop_time=[n/a] ; pid=1886 ; code=(null) ; status=0/0 }", "ExitType": "main", "FailureAction": "none", "FileDescriptorStoreMax": "0", "FinalKillSignal": "9", "FragmentPath": "/usr/lib/systemd/system/NetworkManager.service", "FreezerState": "running", "GID": "[not set]", "GuessMainPID": "yes", "IOAccounting": "no", "IOReadBytes": "18446744073709551615", "IOReadOperations": "18446744073709551615", "IOSchedulingClass": "2", "IOSchedulingPriority": "4", "IOWeight": "[not set]", "IOWriteBytes": "18446744073709551615", "IOWriteOperations": "18446744073709551615", "IPAccounting": "no", "IPEgressBytes": "[no data]", "IPEgressPackets": "[no data]", "IPIngressBytes": "[no data]", "IPIngressPackets": "[no data]", "Id": "NetworkManager.service", "IgnoreOnIsolate": "no", "IgnoreSIGPIPE": "yes", "InactiveEnterTimestampMonotonic": "0", "InactiveExitTimestamp": "Thu 2026-04-30 12:13:53 UTC", "InactiveExitTimestampMonotonic": "8598601", "InvocationID": "b04a70242ccc42fb86c41c765dadbb92", "JobRunningTimeoutUSec": "infinity", "JobTimeoutAction": "none", "JobTimeoutUSec": "infinity", "KeyringMode": "private", "KillMode": "process", "KillSignal": "15", "LimitAS": "infinity", "LimitASSoft": "infinity", "LimitCORE": "infinity", "LimitCORESoft": "infinity", "LimitCPU": "infinity", "LimitCPUSoft": "infinity", "LimitDATA": "infinity", "LimitDATASoft": "infinity", "LimitFSIZE": "infinity", "LimitFSIZESoft": "infinity", "LimitLOCKS": "infinity", "LimitLOCKSSoft": "infinity", "LimitMEMLOCK": "8388608", "LimitMEMLOCKSoft": "8388608", "LimitMSGQUEUE": "819200", "LimitMSGQUEUESoft": "819200", "LimitNICE": "0", "LimitNICESoft": "0", "LimitNOFILE": "65536", "LimitNOFILESoft": "65536", "LimitNPROC": "769810", "LimitNPROCSoft": "769810", "LimitRSS": "infinity", "LimitRSSSoft": "infinity", "LimitRTPRIO": "0", "LimitRTPRIOSoft": "0", "LimitRTTIME": "infinity", "LimitRTTIMESoft": "infinity", "LimitSIGPENDING": "769810", "LimitSIGPENDINGSoft": "769810", "LimitSTACK": "infinity", "LimitSTACKSoft": "8388608", "LoadState": "loaded", "LockPersonality": "no", "LogLevelMax": "-1", "LogRateLimitBurst": "0", "LogRateLimitIntervalUSec": "0", "LogsDirectoryMode": "0755", "MainPID": "1886", "ManagedOOMMemoryPressure": "auto", "ManagedOOMMemoryPressureLimit": "0", "ManagedOOMPreference": "none", "ManagedOOMSwap": "auto", "MemoryAccounting": "yes", "MemoryAvailable": "infinity", "MemoryCurrent": "11501568", "MemoryDenyWriteExecute": "no", "MemoryHigh": "infinity", "MemoryLimit": "infinity", "MemoryLow": "0", "MemoryMax": "infinity", "MemoryMin": "0", "MemorySwapMax": "infinity", "MountAPIVFS": "no", "NFileDescriptorStore": "0", "NRestarts": "0", "NUMAPolicy": "n/a", "Names": "NetworkManager.service", "NeedDaemonReload": "no", "Nice": "0", "NoNewPrivileges": "no", "NonBlocking": "no", "NotifyAccess": "none", "OOMPolicy": "stop", "OOMScoreAdjust": "0", "OnFailureJobMode": "replace", "OnSuccessJobMode": "fail", "Perpetual": "no", "PrivateDevices": "no", "PrivateIPC": "no", "PrivateMounts": "no", "PrivateNetwork": "no", "PrivateTmp": "no", "PrivateUsers": "no", "ProcSubset": "all", "ProtectClock": "no", "ProtectControlGroups": "no", "ProtectHome": "read-only", "ProtectHostname": "no", "ProtectKernelLogs": "no", "ProtectKernelModules": "no", "ProtectKernelTunables": "no", "ProtectProc": "default", "ProtectSystem": "yes", "RefuseManualStart": "no", "RefuseManualStop": "no", "ReloadResult": "success", "ReloadSignal": "1", "RemainAfterExit": "no", "RemoveIPC": "no", "RequiredBy": "NetworkManager-wait-online.service", "Requires": "sysinit.target system.slice dbus.socket", "Restart": "on-failure", "RestartKillSignal": "15", "RestartUSec": "100ms", "RestrictNamespaces": "no", "RestrictRealtime": "no", "RestrictSUIDSGID": "no", "Result": "success", "RootDirectoryStartOnly": "no", "RuntimeDirectoryMode": "0755", "RuntimeDirectoryPreserve": "no", "RuntimeMaxUSec": "infinity", "RuntimeRandomizedExtraUSec": "0", "SameProcessGroup": "no", "SecureBits": "0", "SendSIGHUP": "no", "SendSIGKILL": "yes", "Slice": "system.slice", "StandardError": "inherit", "StandardInput": "null", "StandardOutput": "journal", "StartLimitAction": "none", "StartLimitBurst": "5", "StartLimitIntervalUSec": "10s", "StartupBlockIOWeight": "[not set]", "StartupCPUShares": "[not set]", "StartupCPUWeight": "[not set]", "StartupIOWeight": "[not set]", "StateChangeTimestamp": "Thu 2026-04-30 12:13:53 UTC", "StateChangeTimestampMonotonic": "8720486", "StateDirectoryMode": "0755", "StatusErrno": "0", "StopWhenUnneeded": "no", "SubState": "running", "SuccessAction": "none", "SyslogFacility": "3", "SyslogLevel": "6", "SyslogLevelPrefix": "yes", "SyslogPriority": "30", "SystemCallErrorNumber": "2147483646", "TTYReset": "no", "TTYVHangup": "no", "TTYVTDisallocate": "no", "TasksAccounting": "yes", "TasksCurrent": "3", "TasksMax": "1231696", "TimeoutAbortUSec": "1min 30s", "TimeoutCleanUSec": "infinity", "TimeoutStartFailureMode": "terminate", "TimeoutStartUSec": "10min", "TimeoutStopFailureMode": "terminate", "TimeoutStopUSec": "1min 30s", "TimerSlackNSec": "50000", "Transient": "no", "Type": "dbus", "UID": "[not set]", "UMask": "0022", "UnitFilePreset": "enabled", "UnitFileState": "enabled", "UtmpMode": "init", "WantedBy": "multi-user.target", "Wants": "network.target", "WatchdogSignal": "6", "WatchdogTimestampMonotonic": "0", "WatchdogUSec": "0"}}

PLAY RECAP *********************************************************************
localhost                  : ok=1    changed=0    unreachable=0    failed=0    skipped=1    rescued=0    ignored=0   
primary-18.119.128.68      : ok=3    changed=2    unreachable=0    failed=0    skipped=0    rescued=0    ignored=0   


TASKS RECAP ********************************************************************
Thursday 30 April 2026  12:14:51 +0000 (0:00:00.933)       0:00:02.993 ******** 
=============================================================================== 
Reload NetworkManager to pick up new DNS settings ----------------------- 0.93s
/go/src/github.com/openshift-metal3/dev-scripts/build/ansible/ensure-network-manager-dns-servers.yaml:27 
Gathering Facts --------------------------------------------------------- 0.87s
/go/src/github.com/openshift-metal3/dev-scripts/build/ansible/ensure-network-manager-dns-servers.yaml:1 
Extract DNS servers from /etc/resolv.conf ------------------------------- 0.60s
/go/src/github.com/openshift-metal3/dev-scripts/build/ansible/ensure-network-manager-dns-servers.yaml:13 
Configure NetworkManager to use those DNS servers ----------------------- 0.52s
/go/src/github.com/openshift-metal3/dev-scripts/build/ansible/ensure-network-manager-dns-servers.yaml:19 
Fail if inventory is empty ---------------------------------------------- 0.06s
/go/src/github.com/openshift-metal3/dev-scripts/build/ansible/ensure-network-manager-dns-servers.yaml:4 
[WARNING]: Collection ansible.posix does not support Ansible version 2.14.2
ansible-playbook [core 2.14.2]
  config file = /tmp/secret/ansible.cfg
  configured module search path = ['/output/.ansible/plugins/modules', '/usr/share/ansible/plugins/modules']
  ansible python module location = /usr/lib/python3.9/site-packages/ansible
  ansible collection location = /output/.ansible/collections:/usr/share/ansible/collections
  executable location = /usr/bin/ansible-playbook
  python version = 3.9.21 (main, Aug 19 2025, 00:00:00) [GCC 11.5.0 20240719 (Red Hat 11.5.0-5)] (/usr/bin/python3)
  jinja version = 3.1.3
  libyaml = True
Using /tmp/secret/ansible.cfg as config file
redirecting (type: callback) ansible.builtin.profile_tasks to ansible.posix.profile_tasks
Skipping callback 'default', as we already have a stdout callback.
Skipping callback 'minimal', as we already have a stdout callback.
Skipping callback 'oneline', as we already have a stdout callback.

PLAYBOOK: ensure-open-containers-policy.yaml ***********************************
2 plays in ensure-open-containers-policy.yaml

PLAY [Make sure inventory contains at least one host] **************************

TASK [Gathering Facts] *********************************************************
task path: /go/src/github.com/openshift-metal3/dev-scripts/build/ansible/ensure-open-containers-policy.yaml:1
Thursday 30 April 2026  12:14:52 +0000 (0:00:00.017)       0:00:00.017 ******** 
ok: [localhost]

TASK [Fail if inventory is empty] **********************************************
task path: /go/src/github.com/openshift-metal3/dev-scripts/build/ansible/ensure-open-containers-policy.yaml:4
Thursday 30 April 2026  12:14:53 +0000 (0:00:01.022)       0:00:01.039 ******** 
skipping: [localhost] => {"changed": false, "skip_reason": "Conditional result was False"}

PLAY [Configure Container Policy] **********************************************

TASK [Gathering Facts] *********************************************************
task path: /go/src/github.com/openshift-metal3/dev-scripts/build/ansible/ensure-open-containers-policy.yaml:9
Thursday 30 April 2026  12:14:53 +0000 (0:00:00.059)       0:00:01.099 ******** 
ok: [primary-18.119.128.68]

TASK [Ensure .config/containers directory exists] ******************************
task path: /go/src/github.com/openshift-metal3/dev-scripts/build/ansible/ensure-open-containers-policy.yaml:12
Thursday 30 April 2026  12:14:54 +0000 (0:00:00.900)       0:00:02.000 ******** 
changed: [primary-18.119.128.68] => {"changed": true, "gid": 0, "group": "root", "mode": "0755", "owner": "root", "path": "/root/.config/containers", "secontext": "unconfined_u:object_r:config_home_t:s0", "size": 6, "state": "directory", "uid": 0}

TASK [Create containers policy.json file] **************************************
task path: /go/src/github.com/openshift-metal3/dev-scripts/build/ansible/ensure-open-containers-policy.yaml:18
Thursday 30 April 2026  12:14:54 +0000 (0:00:00.492)       0:00:02.492 ******** 
changed: [primary-18.119.128.68] => {"changed": true, "checksum": "d18de4f9d7b785ae06b0f74ab2e3f46678d7b7ec", "dest": "/root/.config/containers/policy.json", "gid": 0, "group": "root", "md5sum": "c01eb6950f03419e09d4fc88cb42ff6f", "mode": "0644", "owner": "root", "secontext": "system_u:object_r:config_home_t:s0", "size": 256, "src": "/root/.ansible/tmp/ansible-tmp-1777551294.6475904-442-271438932114954/source", "state": "file", "uid": 0}

PLAY RECAP *********************************************************************
localhost                  : ok=1    changed=0    unreachable=0    failed=0    skipped=1    rescued=0    ignored=0   
primary-18.119.128.68      : ok=3    changed=2    unreachable=0    failed=0    skipped=0    rescued=0    ignored=0   


TASKS RECAP ********************************************************************
Thursday 30 April 2026  12:14:55 +0000 (0:00:00.955)       0:00:03.448 ******** 
=============================================================================== 
Gathering Facts --------------------------------------------------------- 1.02s
/go/src/github.com/openshift-metal3/dev-scripts/build/ansible/ensure-open-containers-policy.yaml:1 
Create containers policy.json file -------------------------------------- 0.96s
/go/src/github.com/openshift-metal3/dev-scripts/build/ansible/ensure-open-containers-policy.yaml:18 
Gathering Facts --------------------------------------------------------- 0.90s
/go/src/github.com/openshift-metal3/dev-scripts/build/ansible/ensure-open-containers-policy.yaml:9 
Ensure .config/containers directory exists ------------------------------ 0.49s
/go/src/github.com/openshift-metal3/dev-scripts/build/ansible/ensure-open-containers-policy.yaml:12 
Fail if inventory is empty ---------------------------------------------- 0.06s
/go/src/github.com/openshift-metal3/dev-scripts/build/ansible/ensure-open-containers-policy.yaml:4 
